[ 2016-12-01T15:15:31+08:00 ] 127.0.0.1 /changxiang/index.php/admin/index
INFO: [ app_init ] --START--
INFO: Run Behavior\BuildLiteBehavior [ RunTime:0.000050s ]
INFO: [ app_init ] --END-- [ RunTime:0.001620s ]
INFO: [ app_begin ] --START--
INFO: Run Behavior\ReadHtmlCacheBehavior [ RunTime:0.002164s ]
INFO: [ app_begin ] --END-- [ RunTime:0.002361s ]
INFO: [ view_parse ] --START--
INFO: [ template_filter ] --START--
INFO: Run Behavior\ContentReplaceBehavior [ RunTime:0.000200s ]
INFO: [ template_filter ] --END-- [ RunTime:0.000394s ]
INFO: Run Behavior\ParseTemplateBehavior [ RunTime:0.081782s ]
INFO: [ view_parse ] --END-- [ RunTime:0.082036s ]
INFO: [ view_filter ] --START--
INFO: Run Behavior\WriteHtmlCacheBehavior [ RunTime:0.001542s ]
INFO: [ view_filter ] --END-- [ RunTime:0.001746s ]
INFO: [ app_end ] --START--
INFO: Run Behavior\ShowPageTraceBehavior [ RunTime:0.002690s ]
INFO: [ app_end ] --END-- [ RunTime:0.002874s ]

[ 2016-12-01T15:19:50+08:00 ] 127.0.0.1 /changxiang/index.php/admin/BookComment/bookview
INFO: [ app_init ] --START--
INFO: Run Behavior\BuildLiteBehavior [ RunTime:0.000046s ]
INFO: [ app_init ] --END-- [ RunTime:0.001883s ]
INFO: [ app_begin ] --START--
INFO: Run Behavior\ReadHtmlCacheBehavior [ RunTime:0.002550s ]
INFO: [ app_begin ] --END-- [ RunTime:0.002864s ]

[ 2016-12-01T15:21:41+08:00 ] 127.0.0.1 /changxiang/index.php/admin/BookComment/editbookview
INFO: [ app_init ] --START--
INFO: Run Behavior\BuildLiteBehavior [ RunTime:0.000049s ]
INFO: [ app_init ] --END-- [ RunTime:0.001898s ]
INFO: [ app_begin ] --START--
INFO: Run Behavior\ReadHtmlCacheBehavior [ RunTime:0.002274s ]
INFO: [ app_begin ] --END-- [ RunTime:0.002504s ]

[ 2016-12-01T15:21:58+08:00 ] 127.0.0.1 /changxiang/index.php/admin/BookComment/bookview
INFO: [ app_init ] --START--
INFO: Run Behavior\BuildLiteBehavior [ RunTime:0.000056s ]
INFO: [ app_init ] --END-- [ RunTime:0.001514s ]
INFO: [ app_begin ] --START--
INFO: Run Behavior\ReadHtmlCacheBehavior [ RunTime:0.002141s ]
INFO: [ app_begin ] --END-- [ RunTime:0.002352s ]

[ 2016-12-01T15:21:59+08:00 ] 127.0.0.1 /changxiang/index.php/admin/BookComment/bookview
INFO: [ app_init ] --START--
INFO: Run Behavior\BuildLiteBehavior [ RunTime:0.000043s ]
INFO: [ app_init ] --END-- [ RunTime:0.001348s ]
INFO: [ app_begin ] --START--
INFO: Run Behavior\ReadHtmlCacheBehavior [ RunTime:0.001887s ]
INFO: [ app_begin ] --END-- [ RunTime:0.002090s ]

[ 2016-12-01T15:23:50+08:00 ] 127.0.0.1 /changxiang/index.php/admin/BookComment/bookview
INFO: [ app_init ] --START--
INFO: Run Behavior\BuildLiteBehavior [ RunTime:0.000072s ]
INFO: [ app_init ] --END-- [ RunTime:0.002701s ]
INFO: [ app_begin ] --START--
INFO: Run Behavior\ReadHtmlCacheBehavior [ RunTime:0.003401s ]
INFO: [ app_begin ] --END-- [ RunTime:0.003715s ]

[ 2016-12-01T15:23:51+08:00 ] 127.0.0.1 /changxiang/index.php/admin/BookComment/bookview
INFO: [ app_init ] --START--
INFO: Run Behavior\BuildLiteBehavior [ RunTime:0.000044s ]
INFO: [ app_init ] --END-- [ RunTime:0.001468s ]
INFO: [ app_begin ] --START--
INFO: Run Behavior\ReadHtmlCacheBehavior [ RunTime:0.002669s ]
INFO: [ app_begin ] --END-- [ RunTime:0.002934s ]

[ 2016-12-01T15:30:35+08:00 ] 127.0.0.1 /changxiang/index.php/admin/BookComment/bookview
INFO: [ app_init ] --START--
INFO: Run Behavior\BuildLiteBehavior [ RunTime:0.000044s ]
INFO: [ app_init ] --END-- [ RunTime:0.001828s ]
INFO: [ app_begin ] --START--
INFO: Run Behavior\ReadHtmlCacheBehavior [ RunTime:0.002332s ]
INFO: [ app_begin ] --END-- [ RunTime:0.002567s ]
ERR: 模板不存在:./Application/Admin/View/BookComment/sadgsadgf.html

[ 2016-12-01T15:30:52+08:00 ] 127.0.0.1 /changxiang/index.php/admin/BookComment/bookview
INFO: [ app_init ] --START--
INFO: Run Behavior\BuildLiteBehavior [ RunTime:0.000045s ]
INFO: [ app_init ] --END-- [ RunTime:0.001473s ]
INFO: [ app_begin ] --START--
INFO: Run Behavior\ReadHtmlCacheBehavior [ RunTime:0.003108s ]
INFO: [ app_begin ] --END-- [ RunTime:0.003357s ]
INFO: [ view_parse ] --START--
INFO: [ template_filter ] --START--
INFO: Run Behavior\ContentReplaceBehavior [ RunTime:0.000505s ]
INFO: [ template_filter ] --END-- [ RunTime:0.000942s ]
INFO: Run Behavior\ParseTemplateBehavior [ RunTime:0.119122s ]
INFO: [ view_parse ] --END-- [ RunTime:0.119373s ]
INFO: [ view_filter ] --START--
INFO: Run Behavior\WriteHtmlCacheBehavior [ RunTime:0.001567s ]
INFO: [ view_filter ] --END-- [ RunTime:0.001765s ]
INFO: [ app_end ] --START--
INFO: Run Behavior\ShowPageTraceBehavior [ RunTime:0.006006s ]
INFO: [ app_end ] --END-- [ RunTime:0.006367s ]

[ 2016-12-01T15:30:53+08:00 ] 127.0.0.1 /changxiang/index.php/admin/BookComment/css/public.css
INFO: [ app_init ] --START--
INFO: Run Behavior\BuildLiteBehavior [ RunTime:0.000071s ]
INFO: [ app_init ] --END-- [ RunTime:0.002502s ]
INFO: [ app_begin ] --START--
INFO: Run Behavior\ReadHtmlCacheBehavior [ RunTime:0.004181s ]
INFO: [ app_begin ] --END-- [ RunTime:0.004439s ]
ERR: 非法操作:css

[ 2016-12-01T15:30:53+08:00 ] 127.0.0.1 /changxiang/index.php/admin/BookComment/js/global.js
INFO: [ app_init ] --START--
INFO: Run Behavior\BuildLiteBehavior [ RunTime:0.000058s ]
INFO: [ app_init ] --END-- [ RunTime:0.001580s ]
INFO: [ app_begin ] --START--
INFO: Run Behavior\ReadHtmlCacheBehavior [ RunTime:0.002316s ]
INFO: [ app_begin ] --END-- [ RunTime:0.002524s ]
ERR: 非法操作:js

[ 2016-12-01T15:30:53+08:00 ] 127.0.0.1 /changxiang/index.php/admin/BookComment/js/jquery.autotextarea.js
INFO: [ app_init ] --START--
INFO: Run Behavior\BuildLiteBehavior [ RunTime:0.000044s ]
INFO: [ app_init ] --END-- [ RunTime:0.001510s ]
INFO: [ app_begin ] --START--
INFO: Run Behavior\ReadHtmlCacheBehavior [ RunTime:0.003049s ]
INFO: [ app_begin ] --END-- [ RunTime:0.003252s ]
ERR: 非法操作:js

[ 2016-12-01T15:30:53+08:00 ] 127.0.0.1 /changxiang/index.php/admin/BookComment/js/jquery.min.js
INFO: [ app_init ] --START--
INFO: Run Behavior\BuildLiteBehavior [ RunTime:0.000084s ]
INFO: [ app_init ] --END-- [ RunTime:0.002269s ]
INFO: [ app_begin ] --START--
INFO: Run Behavior\ReadHtmlCacheBehavior [ RunTime:0.002621s ]
INFO: [ app_begin ] --END-- [ RunTime:0.002885s ]
ERR: 非法操作:js

[ 2016-12-01T15:30:53+08:00 ] 127.0.0.1 /changxiang/index.php/admin/BookComment/images/1.png
INFO: [ app_init ] --START--
INFO: Run Behavior\BuildLiteBehavior [ RunTime:0.000063s ]
INFO: [ app_init ] --END-- [ RunTime:0.002178s ]

[ 2016-12-01T15:30:53+08:00 ] 127.0.0.1 /changxiang/index.php/admin/BookComment/js/global.js
INFO: [ app_init ] --START--
INFO: Run Behavior\BuildLiteBehavior [ RunTime:0.000078s ]
INFO: [ app_init ] --END-- [ RunTime:0.002249s ]
INFO: [ app_begin ] --START--
INFO: Run Behavior\ReadHtmlCacheBehavior [ RunTime:0.002667s ]
INFO: [ app_begin ] --END-- [ RunTime:0.002920s ]
ERR: 非法操作:js

[ 2016-12-01T15:30:53+08:00 ] 127.0.0.1 /changxiang/index.php/admin/BookComment/js/jquery.autotextarea.js
INFO: [ app_init ] --START--
INFO: Run Behavior\BuildLiteBehavior [ RunTime:0.000047s ]
INFO: [ app_init ] --END-- [ RunTime:0.001459s ]
INFO: [ app_begin ] --START--
INFO: Run Behavior\ReadHtmlCacheBehavior [ RunTime:0.002449s ]
INFO: [ app_begin ] --END-- [ RunTime:0.002719s ]
ERR: 非法操作:js

[ 2016-12-01T15:30:53+08:00 ] 127.0.0.1 /changxiang/index.php/admin/BookComment/images/1.png
INFO: [ app_init ] --START--
INFO: Run Behavior\BuildLiteBehavior [ RunTime:0.000046s ]
INFO: [ app_init ] --END-- [ RunTime:0.002110s ]

[ 2016-12-01T15:34:58+08:00 ] 127.0.0.1 /changxiang/index.php/admin/BookComment/bookview
INFO: [ app_init ] --START--
INFO: Run Behavior\BuildLiteBehavior [ RunTime:0.000046s ]
INFO: [ app_init ] --END-- [ RunTime:0.001554s ]
INFO: [ app_begin ] --START--
INFO: Run Behavior\ReadHtmlCacheBehavior [ RunTime:0.002189s ]
INFO: [ app_begin ] --END-- [ RunTime:0.002397s ]
INFO: [ view_parse ] --START--
INFO: [ template_filter ] --START--
INFO: Run Behavior\ContentReplaceBehavior [ RunTime:0.000391s ]
INFO: [ template_filter ] --END-- [ RunTime:0.000689s ]
INFO: Run Behavior\ParseTemplateBehavior [ RunTime:0.086226s ]
INFO: [ view_parse ] --END-- [ RunTime:0.086445s ]
INFO: [ view_filter ] --START--
INFO: Run Behavior\WriteHtmlCacheBehavior [ RunTime:0.001295s ]
INFO: [ view_filter ] --END-- [ RunTime:0.001460s ]
INFO: [ app_end ] --START--
INFO: Run Behavior\ShowPageTraceBehavior [ RunTime:0.002504s ]
INFO: [ app_end ] --END-- [ RunTime:0.002731s ]

[ 2016-12-01T15:36:13+08:00 ] 127.0.0.1 /changxiang/index.php/admin/BookComment/addbookview
INFO: [ app_init ] --START--
INFO: Run Behavior\BuildLiteBehavior [ RunTime:0.000044s ]
INFO: [ app_init ] --END-- [ RunTime:0.001393s ]
INFO: [ app_begin ] --START--
INFO: Run Behavior\ReadHtmlCacheBehavior [ RunTime:0.002388s ]
INFO: [ app_begin ] --END-- [ RunTime:0.002663s ]
INFO: [ view_parse ] --START--
INFO: [ template_filter ] --START--
INFO: Run Behavior\ContentReplaceBehavior [ RunTime:0.000290s ]
INFO: [ template_filter ] --END-- [ RunTime:0.000496s ]
INFO: Run Behavior\ParseTemplateBehavior [ RunTime:0.033965s ]
INFO: [ view_parse ] --END-- [ RunTime:0.034226s ]
INFO: [ view_filter ] --START--
INFO: Run Behavior\WriteHtmlCacheBehavior [ RunTime:0.001051s ]
INFO: [ view_filter ] --END-- [ RunTime:0.001216s ]
INFO: [ app_end ] --START--
INFO: Run Behavior\ShowPageTraceBehavior [ RunTime:0.002196s ]
INFO: [ app_end ] --END-- [ RunTime:0.002529s ]

[ 2016-12-01T15:36:13+08:00 ] 127.0.0.1 /changxiang/index.php/admin/BookComment/js/kindeditor/plugins/code/prettify.css
INFO: [ app_init ] --START--
INFO: Run Behavior\BuildLiteBehavior [ RunTime:0.000062s ]
INFO: [ app_init ] --END-- [ RunTime:0.002117s ]
INFO: [ app_begin ] --START--
INFO: Run Behavior\ReadHtmlCacheBehavior [ RunTime:0.003884s ]
INFO: [ app_begin ] --END-- [ RunTime:0.004295s ]
ERR: 非法操作:js

[ 2016-12-01T15:36:13+08:00 ] 127.0.0.1 /changxiang/index.php/admin/BookComment/css/public.css
INFO: [ app_init ] --START--
INFO: Run Behavior\BuildLiteBehavior [ RunTime:0.000070s ]
INFO: [ app_init ] --END-- [ RunTime:0.002130s ]
INFO: [ app_begin ] --START--
INFO: Run Behavior\ReadHtmlCacheBehavior [ RunTime:0.002660s ]
INFO: [ app_begin ] --END-- [ RunTime:0.002947s ]
ERR: 非法操作:css

[ 2016-12-01T15:36:13+08:00 ] 127.0.0.1 /changxiang/index.php/admin/BookComment/js/jquery.min.js
INFO: [ app_init ] --START--
INFO: Run Behavior\BuildLiteBehavior [ RunTime:0.000068s ]
INFO: [ app_init ] --END-- [ RunTime:0.002991s ]
INFO: [ app_begin ] --START--
INFO: Run Behavior\ReadHtmlCacheBehavior [ RunTime:0.003872s ]
INFO: [ app_begin ] --END-- [ RunTime:0.004213s ]
ERR: 非法操作:js

[ 2016-12-01T15:36:13+08:00 ] 127.0.0.1 /changxiang/index.php/admin/BookComment/js/kindeditor/themes/default/default.css
INFO: [ app_init ] --START--
INFO: Run Behavior\BuildLiteBehavior [ RunTime:0.000080s ]
INFO: [ app_init ] --END-- [ RunTime:0.003560s ]
INFO: [ app_begin ] --START--
INFO: Run Behavior\ReadHtmlCacheBehavior [ RunTime:0.002274s ]
INFO: [ app_begin ] --END-- [ RunTime:0.002480s ]
ERR: 非法操作:js

[ 2016-12-01T15:36:13+08:00 ] 127.0.0.1 /changxiang/index.php/admin/BookComment/js/jquery.autotextarea.js
INFO: [ app_init ] --START--
INFO: Run Behavior\BuildLiteBehavior [ RunTime:0.000063s ]
INFO: [ app_init ] --END-- [ RunTime:0.003247s ]
INFO: [ app_begin ] --START--
INFO: Run Behavior\ReadHtmlCacheBehavior [ RunTime:0.003459s ]
INFO: [ app_begin ] --END-- [ RunTime:0.003767s ]
ERR: 非法操作:js

[ 2016-12-01T15:36:13+08:00 ] 127.0.0.1 /changxiang/index.php/admin/BookComment/js/kindeditor/lang/zh_CN.js
INFO: [ app_init ] --START--
INFO: Run Behavior\BuildLiteBehavior [ RunTime:0.000065s ]
INFO: [ app_init ] --END-- [ RunTime:0.003492s ]
INFO: [ app_begin ] --START--
INFO: Run Behavior\ReadHtmlCacheBehavior [ RunTime:0.003558s ]
INFO: [ app_begin ] --END-- [ RunTime:0.003873s ]
ERR: 非法操作:js

[ 2016-12-01T15:36:13+08:00 ] 127.0.0.1 /changxiang/index.php/admin/BookComment/images/1.png
INFO: [ app_init ] --START--
INFO: Run Behavior\BuildLiteBehavior [ RunTime:0.000069s ]
INFO: [ app_init ] --END-- [ RunTime:0.002898s ]

[ 2016-12-01T15:36:13+08:00 ] 127.0.0.1 /changxiang/index.php/admin/BookComment/js/kindeditor/kindeditor.js
INFO: [ app_init ] --START--
INFO: Run Behavior\BuildLiteBehavior [ RunTime:0.000074s ]
INFO: [ app_init ] --END-- [ RunTime:0.004534s ]
INFO: [ app_begin ] --START--
INFO: Run Behavior\ReadHtmlCacheBehavior [ RunTime:0.005512s ]
INFO: [ app_begin ] --END-- [ RunTime:0.005874s ]
ERR: 非法操作:js

[ 2016-12-01T15:36:13+08:00 ] 127.0.0.1 /changxiang/index.php/admin/BookComment/js/global.js
INFO: [ app_init ] --START--
INFO: Run Behavior\BuildLiteBehavior [ RunTime:0.000078s ]
INFO: [ app_init ] --END-- [ RunTime:0.002989s ]
INFO: [ app_begin ] --START--
INFO: Run Behavior\ReadHtmlCacheBehavior [ RunTime:0.012362s ]
INFO: [ app_begin ] --END-- [ RunTime:0.012694s ]
ERR: 非法操作:js

[ 2016-12-01T15:36:13+08:00 ] 127.0.0.1 /changxiang/index.php/admin/BookComment/js/kindeditor/plugins/code/prettify.js
INFO: [ app_init ] --START--
INFO: Run Behavior\BuildLiteBehavior [ RunTime:0.000074s ]
INFO: [ app_init ] --END-- [ RunTime:0.002431s ]
INFO: [ app_begin ] --START--
INFO: Run Behavior\ReadHtmlCacheBehavior [ RunTime:0.003226s ]
INFO: [ app_begin ] --END-- [ RunTime:0.003538s ]
ERR: 非法操作:js

[ 2016-12-01T15:36:13+08:00 ] 127.0.0.1 /changxiang/index.php/admin/BookComment/js/jquery.autotextarea.js
INFO: [ app_init ] --START--
INFO: Run Behavior\BuildLiteBehavior [ RunTime:0.000048s ]
INFO: [ app_init ] --END-- [ RunTime:0.001823s ]
INFO: [ app_begin ] --START--
INFO: Run Behavior\ReadHtmlCacheBehavior [ RunTime:0.001870s ]
INFO: [ app_begin ] --END-- [ RunTime:0.002060s ]
ERR: 非法操作:js

[ 2016-12-01T15:36:14+08:00 ] 127.0.0.1 /changxiang/index.php/admin/BookComment/images/1.png
INFO: [ app_init ] --START--
INFO: Run Behavior\BuildLiteBehavior [ RunTime:0.000061s ]
INFO: [ app_init ] --END-- [ RunTime:0.001919s ]

[ 2016-12-01T15:36:14+08:00 ] 127.0.0.1 /changxiang/index.php/admin/BookComment/js/kindeditor/plugins/code/prettify.css
INFO: [ app_init ] --START--
INFO: Run Behavior\BuildLiteBehavior [ RunTime:0.000059s ]
INFO: [ app_init ] --END-- [ RunTime:0.001896s ]
INFO: [ app_begin ] --START--
INFO: Run Behavior\ReadHtmlCacheBehavior [ RunTime:0.002773s ]
INFO: [ app_begin ] --END-- [ RunTime:0.003063s ]
ERR: 非法操作:js

[ 2016-12-01T15:36:14+08:00 ] 127.0.0.1 /changxiang/index.php/admin/BookComment/js/kindeditor/kindeditor.js
INFO: [ app_init ] --START--
INFO: Run Behavior\BuildLiteBehavior [ RunTime:0.000063s ]
INFO: [ app_init ] --END-- [ RunTime:0.002359s ]
INFO: [ app_begin ] --START--
INFO: Run Behavior\ReadHtmlCacheBehavior [ RunTime:0.003675s ]
INFO: [ app_begin ] --END-- [ RunTime:0.004326s ]
ERR: 非法操作:js

[ 2016-12-01T15:36:14+08:00 ] 127.0.0.1 /changxiang/index.php/admin/BookComment/js/kindeditor/themes/default/default.css
INFO: [ app_init ] --START--
INFO: Run Behavior\BuildLiteBehavior [ RunTime:0.000062s ]
INFO: [ app_init ] --END-- [ RunTime:0.002026s ]
INFO: [ app_begin ] --START--
INFO: Run Behavior\ReadHtmlCacheBehavior [ RunTime:0.003069s ]
INFO: [ app_begin ] --END-- [ RunTime:0.003367s ]
ERR: 非法操作:js

[ 2016-12-01T15:36:14+08:00 ] 127.0.0.1 /changxiang/index.php/admin/BookComment/js/kindeditor/lang/zh_CN.js
INFO: [ app_init ] --START--
INFO: Run Behavior\BuildLiteBehavior [ RunTime:0.000045s ]
INFO: [ app_init ] --END-- [ RunTime:0.001425s ]
INFO: [ app_begin ] --START--
INFO: Run Behavior\ReadHtmlCacheBehavior [ RunTime:0.001787s ]
INFO: [ app_begin ] --END-- [ RunTime:0.001971s ]
ERR: 非法操作:js

[ 2016-12-01T15:36:14+08:00 ] 127.0.0.1 /changxiang/index.php/admin/BookComment/js/kindeditor/plugins/code/prettify.js
INFO: [ app_init ] --START--
INFO: Run Behavior\BuildLiteBehavior [ RunTime:0.000062s ]
INFO: [ app_init ] --END-- [ RunTime:0.001729s ]
INFO: [ app_begin ] --START--
INFO: Run Behavior\ReadHtmlCacheBehavior [ RunTime:0.001912s ]
INFO: [ app_begin ] --END-- [ RunTime:0.002108s ]
ERR: 非法操作:js

[ 2016-12-01T15:36:17+08:00 ] 127.0.0.1 /changxiang/index.php/admin/BookComment/addbookview
INFO: [ app_init ] --START--
INFO: Run Behavior\BuildLiteBehavior [ RunTime:0.000044s ]
INFO: [ app_init ] --END-- [ RunTime:0.001421s ]
INFO: [ app_begin ] --START--
INFO: Run Behavior\ReadHtmlCacheBehavior [ RunTime:0.002712s ]
INFO: [ app_begin ] --END-- [ RunTime:0.002996s ]
INFO: [ view_parse ] --START--
INFO: [ template_filter ] --START--
INFO: Run Behavior\ContentReplaceBehavior [ RunTime:0.000283s ]
INFO: [ template_filter ] --END-- [ RunTime:0.000503s ]
INFO: Run Behavior\ParseTemplateBehavior [ RunTime:0.045735s ]
INFO: [ view_parse ] --END-- [ RunTime:0.046102s ]
INFO: [ view_filter ] --START--
INFO: Run Behavior\WriteHtmlCacheBehavior [ RunTime:0.001762s ]
INFO: [ view_filter ] --END-- [ RunTime:0.001988s ]
INFO: [ app_end ] --START--
INFO: Run Behavior\ShowPageTraceBehavior [ RunTime:0.003433s ]
INFO: [ app_end ] --END-- [ RunTime:0.003730s ]

[ 2016-12-01T15:36:17+08:00 ] 127.0.0.1 /changxiang/index.php/admin/BookComment/css/public.css
INFO: [ app_init ] --START--
INFO: Run Behavior\BuildLiteBehavior [ RunTime:0.000078s ]
INFO: [ app_init ] --END-- [ RunTime:0.002194s ]
INFO: [ app_begin ] --START--
INFO: Run Behavior\ReadHtmlCacheBehavior [ RunTime:0.002861s ]
INFO: [ app_begin ] --END-- [ RunTime:0.003160s ]
ERR: 非法操作:css

[ 2016-12-01T15:36:17+08:00 ] 127.0.0.1 /changxiang/index.php/admin/BookComment/js/jquery.min.js
INFO: [ app_init ] --START--
INFO: Run Behavior\BuildLiteBehavior [ RunTime:0.000063s ]
INFO: [ app_init ] --END-- [ RunTime:0.002290s ]
INFO: [ app_begin ] --START--
INFO: Run Behavior\ReadHtmlCacheBehavior [ RunTime:0.005342s ]
INFO: [ app_begin ] --END-- [ RunTime:0.005682s ]
ERR: 非法操作:js

[ 2016-12-01T15:36:17+08:00 ] 127.0.0.1 /changxiang/index.php/admin/BookComment/js/kindeditor/themes/default/default.css
INFO: [ app_init ] --START--
INFO: Run Behavior\BuildLiteBehavior [ RunTime:0.000067s ]
INFO: [ app_init ] --END-- [ RunTime:0.003973s ]
INFO: [ app_begin ] --START--
INFO: Run Behavior\ReadHtmlCacheBehavior [ RunTime:0.002956s ]
INFO: [ app_begin ] --END-- [ RunTime:0.003247s ]
ERR: 非法操作:js

[ 2016-12-01T15:36:17+08:00 ] 127.0.0.1 /changxiang/index.php/admin/BookComment/js/jquery.autotextarea.js
INFO: [ app_init ] --START--
INFO: Run Behavior\BuildLiteBehavior [ RunTime:0.000064s ]
INFO: [ app_init ] --END-- [ RunTime:0.002576s ]
INFO: [ app_begin ] --START--
INFO: Run Behavior\ReadHtmlCacheBehavior [ RunTime:0.005977s ]
INFO: [ app_begin ] --END-- [ RunTime:0.006281s ]
ERR: 非法操作:js

[ 2016-12-01T15:36:17+08:00 ] 127.0.0.1 /changxiang/index.php/admin/BookComment/js/kindeditor/plugins/code/prettify.css
INFO: [ app_init ] --START--
INFO: Run Behavior\BuildLiteBehavior [ RunTime:0.000062s ]
INFO: [ app_init ] --END-- [ RunTime:0.004931s ]
INFO: [ app_begin ] --START--
INFO: Run Behavior\ReadHtmlCacheBehavior [ RunTime:0.003314s ]
INFO: [ app_begin ] --END-- [ RunTime:0.003682s ]
ERR: 非法操作:js

[ 2016-12-01T15:36:17+08:00 ] 127.0.0.1 /changxiang/index.php/admin/BookComment/js/kindeditor/lang/zh_CN.js
INFO: [ app_init ] --START--
INFO: Run Behavior\BuildLiteBehavior [ RunTime:0.000062s ]
INFO: [ app_init ] --END-- [ RunTime:0.002411s ]
INFO: [ app_begin ] --START--
INFO: Run Behavior\ReadHtmlCacheBehavior [ RunTime:0.005918s ]
INFO: [ app_begin ] --END-- [ RunTime:0.006221s ]
ERR: 非法操作:js

[ 2016-12-01T15:36:17+08:00 ] 127.0.0.1 /changxiang/index.php/admin/BookComment/js/global.js
INFO: [ app_init ] --START--
INFO: Run Behavior\BuildLiteBehavior [ RunTime:0.000063s ]
INFO: [ app_init ] --END-- [ RunTime:0.001988s ]
INFO: [ app_begin ] --START--
INFO: Run Behavior\ReadHtmlCacheBehavior [ RunTime:0.002851s ]
INFO: [ app_begin ] --END-- [ RunTime:0.003279s ]
ERR: 非法操作:js

[ 2016-12-01T15:36:17+08:00 ] 127.0.0.1 /changxiang/index.php/admin/BookComment/js/kindeditor/kindeditor.js
INFO: [ app_init ] --START--
INFO: Run Behavior\BuildLiteBehavior [ RunTime:0.000061s ]
INFO: [ app_init ] --END-- [ RunTime:0.002245s ]
INFO: [ app_begin ] --START--
INFO: Run Behavior\ReadHtmlCacheBehavior [ RunTime:0.004864s ]
INFO: [ app_begin ] --END-- [ RunTime:0.005251s ]
ERR: 非法操作:js

[ 2016-12-01T15:36:17+08:00 ] 127.0.0.1 /changxiang/index.php/admin/BookComment/images/1.png
INFO: [ app_init ] --START--
INFO: Run Behavior\BuildLiteBehavior [ RunTime:0.000064s ]
INFO: [ app_init ] --END-- [ RunTime:0.002168s ]

[ 2016-12-01T15:36:17+08:00 ] 127.0.0.1 /changxiang/index.php/admin/BookComment/js/kindeditor/plugins/code/prettify.js
INFO: [ app_init ] --START--
INFO: Run Behavior\BuildLiteBehavior [ RunTime:0.000066s ]
INFO: [ app_init ] --END-- [ RunTime:0.002512s ]
INFO: [ app_begin ] --START--
INFO: Run Behavior\ReadHtmlCacheBehavior [ RunTime:0.002644s ]
INFO: [ app_begin ] --END-- [ RunTime:0.003069s ]
ERR: 非法操作:js

[ 2016-12-01T15:36:17+08:00 ] 127.0.0.1 /changxiang/index.php/admin/BookComment/js/jquery.autotextarea.js
INFO: [ app_init ] --START--
INFO: Run Behavior\BuildLiteBehavior [ RunTime:0.000060s ]
INFO: [ app_init ] --END-- [ RunTime:0.002076s ]
INFO: [ app_begin ] --START--
INFO: Run Behavior\ReadHtmlCacheBehavior [ RunTime:0.002020s ]
INFO: [ app_begin ] --END-- [ RunTime:0.002312s ]
ERR: 非法操作:js

[ 2016-12-01T15:36:18+08:00 ] 127.0.0.1 /changxiang/index.php/admin/BookComment/images/1.png
INFO: [ app_init ] --START--
INFO: Run Behavior\BuildLiteBehavior [ RunTime:0.000061s ]
INFO: [ app_init ] --END-- [ RunTime:0.002107s ]

[ 2016-12-01T15:36:18+08:00 ] 127.0.0.1 /changxiang/index.php/admin/BookComment/js/kindeditor/themes/default/default.css
INFO: [ app_init ] --START--
INFO: Run Behavior\BuildLiteBehavior [ RunTime:0.000062s ]
INFO: [ app_init ] --END-- [ RunTime:0.001980s ]
INFO: [ app_begin ] --START--
INFO: Run Behavior\ReadHtmlCacheBehavior [ RunTime:0.002797s ]
INFO: [ app_begin ] --END-- [ RunTime:0.003130s ]
ERR: 非法操作:js

[ 2016-12-01T15:36:18+08:00 ] 127.0.0.1 /changxiang/index.php/admin/BookComment/js/kindeditor/plugins/code/prettify.css
INFO: [ app_init ] --START--
INFO: Run Behavior\BuildLiteBehavior [ RunTime:0.000063s ]
INFO: [ app_init ] --END-- [ RunTime:0.001895s ]
INFO: [ app_begin ] --START--
INFO: Run Behavior\ReadHtmlCacheBehavior [ RunTime:0.002714s ]
INFO: [ app_begin ] --END-- [ RunTime:0.003033s ]
ERR: 非法操作:js

[ 2016-12-01T15:36:18+08:00 ] 127.0.0.1 /changxiang/index.php/admin/BookComment/js/kindeditor/kindeditor.js
INFO: [ app_init ] --START--
INFO: Run Behavior\BuildLiteBehavior [ RunTime:0.000043s ]
INFO: [ app_init ] --END-- [ RunTime:0.001803s ]
INFO: [ app_begin ] --START--
INFO: Run Behavior\ReadHtmlCacheBehavior [ RunTime:0.003417s ]
INFO: [ app_begin ] --END-- [ RunTime:0.003743s ]
ERR: 非法操作:js

[ 2016-12-01T15:36:18+08:00 ] 127.0.0.1 /changxiang/index.php/admin/BookComment/js/kindeditor/lang/zh_CN.js
INFO: [ app_init ] --START--
INFO: Run Behavior\BuildLiteBehavior [ RunTime:0.000044s ]
INFO: [ app_init ] --END-- [ RunTime:0.001692s ]
INFO: [ app_begin ] --START--
INFO: Run Behavior\ReadHtmlCacheBehavior [ RunTime:0.003549s ]
INFO: [ app_begin ] --END-- [ RunTime:0.003776s ]
ERR: 非法操作:js

[ 2016-12-01T15:36:18+08:00 ] 127.0.0.1 /changxiang/index.php/admin/BookComment/js/kindeditor/plugins/code/prettify.js
INFO: [ app_init ] --START--
INFO: Run Behavior\BuildLiteBehavior [ RunTime:0.000046s ]
INFO: [ app_init ] --END-- [ RunTime:0.001830s ]
INFO: [ app_begin ] --START--
INFO: Run Behavior\ReadHtmlCacheBehavior [ RunTime:0.002227s ]
INFO: [ app_begin ] --END-- [ RunTime:0.002420s ]
ERR: 非法操作:js

[ 2016-12-01T15:36:20+08:00 ] 127.0.0.1 /changxiang/index.php/admin/BookComment/addbookview
INFO: [ app_init ] --START--
INFO: Run Behavior\BuildLiteBehavior [ RunTime:0.000044s ]
INFO: [ app_init ] --END-- [ RunTime:0.001742s ]
INFO: [ app_begin ] --START--
INFO: Run Behavior\ReadHtmlCacheBehavior [ RunTime:0.002383s ]
INFO: [ app_begin ] --END-- [ RunTime:0.002573s ]
INFO: [ view_parse ] --START--
INFO: [ template_filter ] --START--
INFO: Run Behavior\ContentReplaceBehavior [ RunTime:0.000269s ]
INFO: [ template_filter ] --END-- [ RunTime:0.000470s ]
INFO: Run Behavior\ParseTemplateBehavior [ RunTime:0.067074s ]
INFO: [ view_parse ] --END-- [ RunTime:0.067292s ]
INFO: [ view_filter ] --START--
INFO: Run Behavior\WriteHtmlCacheBehavior [ RunTime:0.001515s ]
INFO: [ view_filter ] --END-- [ RunTime:0.001690s ]
INFO: [ app_end ] --START--
INFO: Run Behavior\ShowPageTraceBehavior [ RunTime:0.004056s ]
INFO: [ app_end ] --END-- [ RunTime:0.004281s ]

[ 2016-12-01T15:36:20+08:00 ] 127.0.0.1 /changxiang/index.php/admin/BookComment/js/jquery.min.js
INFO: [ app_init ] --START--
INFO: Run Behavior\BuildLiteBehavior [ RunTime:0.000099s ]
INFO: [ app_init ] --END-- [ RunTime:0.002049s ]
INFO: [ app_begin ] --START--
INFO: Run Behavior\ReadHtmlCacheBehavior [ RunTime:0.003688s ]
INFO: [ app_begin ] --END-- [ RunTime:0.004175s ]
ERR: 非法操作:js

[ 2016-12-01T15:36:20+08:00 ] 127.0.0.1 /changxiang/index.php/admin/BookComment/css/public.css
INFO: [ app_init ] --START--
INFO: Run Behavior\BuildLiteBehavior [ RunTime:0.000060s ]
INFO: [ app_init ] --END-- [ RunTime:0.002544s ]
INFO: [ app_begin ] --START--
INFO: Run Behavior\ReadHtmlCacheBehavior [ RunTime:0.004878s ]
INFO: [ app_begin ] --END-- [ RunTime:0.005201s ]
ERR: 非法操作:css

[ 2016-12-01T15:36:20+08:00 ] 127.0.0.1 /changxiang/index.php/admin/BookComment/js/kindeditor/plugins/code/prettify.css
INFO: [ app_init ] --START--
INFO: Run Behavior\BuildLiteBehavior [ RunTime:0.000047s ]
INFO: [ app_init ] --END-- [ RunTime:0.001427s ]
INFO: [ app_begin ] --START--
INFO: Run Behavior\ReadHtmlCacheBehavior [ RunTime:0.001918s ]
INFO: [ app_begin ] --END-- [ RunTime:0.002168s ]
ERR: 非法操作:js

[ 2016-12-01T15:36:20+08:00 ] 127.0.0.1 /changxiang/index.php/admin/BookComment/js/kindeditor/themes/default/default.css
INFO: [ app_init ] --START--
INFO: Run Behavior\BuildLiteBehavior [ RunTime:0.000068s ]
INFO: [ app_init ] --END-- [ RunTime:0.006197s ]
INFO: [ app_begin ] --START--
INFO: Run Behavior\ReadHtmlCacheBehavior [ RunTime:0.005404s ]
INFO: [ app_begin ] --END-- [ RunTime:0.005715s ]
ERR: 非法操作:js

[ 2016-12-01T15:36:20+08:00 ] 127.0.0.1 /changxiang/index.php/admin/BookComment/js/kindeditor/kindeditor.js
INFO: [ app_init ] --START--
INFO: Run Behavior\BuildLiteBehavior [ RunTime:0.000126s ]
INFO: [ app_init ] --END-- [ RunTime:0.002843s ]
INFO: [ app_begin ] --START--
INFO: Run Behavior\ReadHtmlCacheBehavior [ RunTime:0.002788s ]
INFO: [ app_begin ] --END-- [ RunTime:0.003099s ]
ERR: 非法操作:js

[ 2016-12-01T15:36:20+08:00 ] 127.0.0.1 /changxiang/index.php/admin/BookComment/js/kindeditor/lang/zh_CN.js
INFO: [ app_init ] --START--
INFO: Run Behavior\BuildLiteBehavior [ RunTime:0.000064s ]
INFO: [ app_init ] --END-- [ RunTime:0.002255s ]
INFO: [ app_begin ] --START--
INFO: Run Behavior\ReadHtmlCacheBehavior [ RunTime:0.003119s ]
INFO: [ app_begin ] --END-- [ RunTime:0.003414s ]
ERR: 非法操作:js

[ 2016-12-01T15:36:20+08:00 ] 127.0.0.1 /changxiang/index.php/admin/BookComment/js/global.js
INFO: [ app_init ] --START--
INFO: Run Behavior\BuildLiteBehavior [ RunTime:0.000060s ]
INFO: [ app_init ] --END-- [ RunTime:0.003547s ]
INFO: [ app_begin ] --START--
INFO: Run Behavior\ReadHtmlCacheBehavior [ RunTime:0.003243s ]
INFO: [ app_begin ] --END-- [ RunTime:0.003529s ]
ERR: 非法操作:js

[ 2016-12-01T15:36:20+08:00 ] 127.0.0.1 /changxiang/index.php/admin/BookComment/js/jquery.autotextarea.js
INFO: [ app_init ] --START--
INFO: Run Behavior\BuildLiteBehavior [ RunTime:0.000062s ]
INFO: [ app_init ] --END-- [ RunTime:0.001964s ]
INFO: [ app_begin ] --START--
INFO: Run Behavior\ReadHtmlCacheBehavior [ RunTime:0.031725s ]
INFO: [ app_begin ] --END-- [ RunTime:0.032038s ]
ERR: 非法操作:js

[ 2016-12-01T15:36:20+08:00 ] 127.0.0.1 /changxiang/index.php/admin/BookComment/images/1.png
INFO: [ app_init ] --START--
INFO: Run Behavior\BuildLiteBehavior [ RunTime:0.000068s ]
INFO: [ app_init ] --END-- [ RunTime:0.005807s ]

[ 2016-12-01T15:36:20+08:00 ] 127.0.0.1 /changxiang/index.php/admin/BookComment/js/kindeditor/plugins/code/prettify.js
INFO: [ app_init ] --START--
INFO: Run Behavior\BuildLiteBehavior [ RunTime:0.000066s ]
INFO: [ app_init ] --END-- [ RunTime:0.002434s ]
INFO: [ app_begin ] --START--
INFO: Run Behavior\ReadHtmlCacheBehavior [ RunTime:0.005450s ]
INFO: [ app_begin ] --END-- [ RunTime:0.005783s ]
ERR: 非法操作:js

[ 2016-12-01T15:36:20+08:00 ] 127.0.0.1 /changxiang/index.php/admin/BookComment/js/kindeditor/themes/default/default.css
INFO: [ app_init ] --START--
INFO: Run Behavior\BuildLiteBehavior [ RunTime:0.000061s ]
INFO: [ app_init ] --END-- [ RunTime:0.002144s ]
INFO: [ app_begin ] --START--
INFO: Run Behavior\ReadHtmlCacheBehavior [ RunTime:0.001999s ]
INFO: [ app_begin ] --END-- [ RunTime:0.002200s ]
ERR: 非法操作:js

[ 2016-12-01T15:36:20+08:00 ] 127.0.0.1 /changxiang/index.php/admin/BookComment/js/kindeditor/plugins/code/prettify.css
INFO: [ app_init ] --START--
INFO: Run Behavior\BuildLiteBehavior [ RunTime:0.000067s ]
INFO: [ app_init ] --END-- [ RunTime:0.002669s ]
INFO: [ app_begin ] --START--
INFO: Run Behavior\ReadHtmlCacheBehavior [ RunTime:0.003221s ]
INFO: [ app_begin ] --END-- [ RunTime:0.003533s ]
ERR: 非法操作:js

[ 2016-12-01T15:36:20+08:00 ] 127.0.0.1 /changxiang/index.php/admin/BookComment/js/kindeditor/kindeditor.js
INFO: [ app_init ] --START--
INFO: Run Behavior\BuildLiteBehavior [ RunTime:0.000044s ]
INFO: [ app_init ] --END-- [ RunTime:0.001432s ]
INFO: [ app_begin ] --START--
INFO: Run Behavior\ReadHtmlCacheBehavior [ RunTime:0.002930s ]
INFO: [ app_begin ] --END-- [ RunTime:0.003191s ]
ERR: 非法操作:js

[ 2016-12-01T15:36:21+08:00 ] 127.0.0.1 /changxiang/index.php/admin/BookComment/js/kindeditor/lang/zh_CN.js
INFO: [ app_init ] --START--
INFO: Run Behavior\BuildLiteBehavior [ RunTime:0.000044s ]
INFO: [ app_init ] --END-- [ RunTime:0.001481s ]
INFO: [ app_begin ] --START--
INFO: Run Behavior\ReadHtmlCacheBehavior [ RunTime:0.002203s ]
INFO: [ app_begin ] --END-- [ RunTime:0.002395s ]
ERR: 非法操作:js

[ 2016-12-01T15:36:21+08:00 ] 127.0.0.1 /changxiang/index.php/admin/BookComment/js/kindeditor/plugins/code/prettify.js
INFO: [ app_init ] --START--
INFO: Run Behavior\BuildLiteBehavior [ RunTime:0.000043s ]
INFO: [ app_init ] --END-- [ RunTime:0.001561s ]
INFO: [ app_begin ] --START--
INFO: Run Behavior\ReadHtmlCacheBehavior [ RunTime:0.002243s ]
INFO: [ app_begin ] --END-- [ RunTime:0.002453s ]
ERR: 非法操作:js

[ 2016-12-01T15:36:27+08:00 ] 127.0.0.1 /changxiang/index.php/admin/BookComment/addbookview
INFO: [ app_init ] --START--
INFO: Run Behavior\BuildLiteBehavior [ RunTime:0.000054s ]
INFO: [ app_init ] --END-- [ RunTime:0.001722s ]
INFO: [ app_begin ] --START--
INFO: Run Behavior\ReadHtmlCacheBehavior [ RunTime:0.002233s ]
INFO: [ app_begin ] --END-- [ RunTime:0.002437s ]
INFO: [ view_parse ] --START--
INFO: [ template_filter ] --START--
INFO: Run Behavior\ContentReplaceBehavior [ RunTime:0.000270s ]
INFO: [ template_filter ] --END-- [ RunTime:0.000474s ]
INFO: Run Behavior\ParseTemplateBehavior [ RunTime:0.117954s ]
INFO: [ view_parse ] --END-- [ RunTime:0.118201s ]
INFO: [ view_filter ] --START--
INFO: Run Behavior\WriteHtmlCacheBehavior [ RunTime:0.001483s ]
INFO: [ view_filter ] --END-- [ RunTime:0.001650s ]
INFO: [ app_end ] --START--
INFO: Run Behavior\ShowPageTraceBehavior [ RunTime:0.003671s ]
INFO: [ app_end ] --END-- [ RunTime:0.003961s ]

[ 2016-12-01T15:36:27+08:00 ] 127.0.0.1 /changxiang/index.php/admin/BookComment/js/kindeditor/themes/default/default.css
INFO: [ app_init ] --START--
INFO: Run Behavior\BuildLiteBehavior [ RunTime:0.000062s ]
INFO: [ app_init ] --END-- [ RunTime:0.001964s ]
INFO: [ app_begin ] --START--
INFO: Run Behavior\ReadHtmlCacheBehavior [ RunTime:0.002625s ]
INFO: [ app_begin ] --END-- [ RunTime:0.002918s ]
ERR: 非法操作:js

[ 2016-12-01T15:36:27+08:00 ] 127.0.0.1 /changxiang/index.php/admin/BookComment/js/jquery.min.js
INFO: [ app_init ] --START--
INFO: Run Behavior\BuildLiteBehavior [ RunTime:0.001657s ]
INFO: [ app_init ] --END-- [ RunTime:0.003901s ]
INFO: [ app_begin ] --START--
INFO: Run Behavior\ReadHtmlCacheBehavior [ RunTime:0.004888s ]
INFO: [ app_begin ] --END-- [ RunTime:0.005190s ]
ERR: 非法操作:js

[ 2016-12-01T15:36:27+08:00 ] 127.0.0.1 /changxiang/index.php/admin/BookComment/css/public.css
INFO: [ app_init ] --START--
INFO: Run Behavior\BuildLiteBehavior [ RunTime:0.000063s ]
INFO: [ app_init ] --END-- [ RunTime:0.003162s ]
INFO: [ app_begin ] --START--
INFO: Run Behavior\ReadHtmlCacheBehavior [ RunTime:0.003158s ]
INFO: [ app_begin ] --END-- [ RunTime:0.003445s ]
ERR: 非法操作:css

[ 2016-12-01T15:36:27+08:00 ] 127.0.0.1 /changxiang/index.php/admin/BookComment/js/kindeditor/plugins/code/prettify.css
INFO: [ app_init ] --START--
INFO: Run Behavior\BuildLiteBehavior [ RunTime:0.000064s ]
INFO: [ app_init ] --END-- [ RunTime:0.002162s ]
INFO: [ app_begin ] --START--
INFO: Run Behavior\ReadHtmlCacheBehavior [ RunTime:0.003788s ]
INFO: [ app_begin ] --END-- [ RunTime:0.004094s ]
ERR: 非法操作:js

[ 2016-12-01T15:36:27+08:00 ] 127.0.0.1 /changxiang/index.php/admin/BookComment/images/1.png
INFO: [ app_init ] --START--
INFO: Run Behavior\BuildLiteBehavior [ RunTime:0.000064s ]
INFO: [ app_init ] --END-- [ RunTime:0.001992s ]

[ 2016-12-01T15:36:27+08:00 ] 127.0.0.1 /changxiang/index.php/admin/BookComment/js/global.js
INFO: [ app_init ] --START--
INFO: Run Behavior\BuildLiteBehavior [ RunTime:0.000057s ]
INFO: [ app_init ] --END-- [ RunTime:0.002030s ]
INFO: [ app_begin ] --START--
INFO: Run Behavior\ReadHtmlCacheBehavior [ RunTime:0.003823s ]
INFO: [ app_begin ] --END-- [ RunTime:0.004144s ]
ERR: 非法操作:js

[ 2016-12-01T15:36:27+08:00 ] 127.0.0.1 /changxiang/index.php/admin/BookComment/js/kindeditor/kindeditor.js
INFO: [ app_init ] --START--
INFO: Run Behavior\BuildLiteBehavior [ RunTime:0.000068s ]
INFO: [ app_init ] --END-- [ RunTime:0.028579s ]
INFO: [ app_begin ] --START--
INFO: Run Behavior\ReadHtmlCacheBehavior [ RunTime:0.002777s ]
INFO: [ app_begin ] --END-- [ RunTime:0.003081s ]
ERR: 非法操作:js

[ 2016-12-01T15:36:27+08:00 ] 127.0.0.1 /changxiang/index.php/admin/BookComment/js/kindeditor/plugins/code/prettify.js
INFO: [ app_init ] --START--
INFO: Run Behavior\BuildLiteBehavior [ RunTime:0.000059s ]
INFO: [ app_init ] --END-- [ RunTime:0.001906s ]
INFO: [ app_begin ] --START--
INFO: Run Behavior\ReadHtmlCacheBehavior [ RunTime:0.003481s ]
INFO: [ app_begin ] --END-- [ RunTime:0.003762s ]
ERR: 非法操作:js

[ 2016-12-01T15:36:27+08:00 ] 127.0.0.1 /changxiang/index.php/admin/BookComment/js/kindeditor/lang/zh_CN.js
INFO: [ app_init ] --START--
INFO: Run Behavior\BuildLiteBehavior [ RunTime:0.000064s ]
INFO: [ app_init ] --END-- [ RunTime:0.001929s ]
INFO: [ app_begin ] --START--
INFO: Run Behavior\ReadHtmlCacheBehavior [ RunTime:0.003313s ]
INFO: [ app_begin ] --END-- [ RunTime:0.003635s ]
ERR: 非法操作:js

[ 2016-12-01T15:36:27+08:00 ] 127.0.0.1 /changxiang/index.php/admin/BookComment/js/jquery.autotextarea.js
INFO: [ app_init ] --START--
INFO: Run Behavior\BuildLiteBehavior [ RunTime:0.000063s ]
INFO: [ app_init ] --END-- [ RunTime:0.002275s ]
INFO: [ app_begin ] --START--
INFO: Run Behavior\ReadHtmlCacheBehavior [ RunTime:0.003279s ]
INFO: [ app_begin ] --END-- [ RunTime:0.003595s ]
ERR: 非法操作:js

[ 2016-12-01T15:36:27+08:00 ] 127.0.0.1 /changxiang/index.php/admin/BookComment/images/1.png
INFO: [ app_init ] --START--
INFO: Run Behavior\BuildLiteBehavior [ RunTime:0.000066s ]
INFO: [ app_init ] --END-- [ RunTime:0.005133s ]

[ 2016-12-01T15:36:27+08:00 ] 127.0.0.1 /changxiang/index.php/admin/BookComment/js/kindeditor/themes/default/default.css
INFO: [ app_init ] --START--
INFO: Run Behavior\BuildLiteBehavior [ RunTime:0.000135s ]
INFO: [ app_init ] --END-- [ RunTime:0.004582s ]
INFO: [ app_begin ] --START--
INFO: Run Behavior\ReadHtmlCacheBehavior [ RunTime:0.003800s ]
INFO: [ app_begin ] --END-- [ RunTime:0.004107s ]
ERR: 非法操作:js

[ 2016-12-01T15:36:27+08:00 ] 127.0.0.1 /changxiang/index.php/admin/BookComment/js/kindeditor/plugins/code/prettify.css
INFO: [ app_init ] --START--
INFO: Run Behavior\BuildLiteBehavior [ RunTime:0.000062s ]
INFO: [ app_init ] --END-- [ RunTime:0.001966s ]
INFO: [ app_begin ] --START--
INFO: Run Behavior\ReadHtmlCacheBehavior [ RunTime:0.002033s ]
INFO: [ app_begin ] --END-- [ RunTime:0.002296s ]
ERR: 非法操作:js

[ 2016-12-01T15:36:27+08:00 ] 127.0.0.1 /changxiang/index.php/admin/BookComment/js/kindeditor/kindeditor.js
INFO: [ app_init ] --START--
INFO: Run Behavior\BuildLiteBehavior [ RunTime:0.000061s ]
INFO: [ app_init ] --END-- [ RunTime:0.002574s ]
INFO: [ app_begin ] --START--
INFO: Run Behavior\ReadHtmlCacheBehavior [ RunTime:0.002171s ]
INFO: [ app_begin ] --END-- [ RunTime:0.002427s ]
ERR: 非法操作:js

[ 2016-12-01T15:36:28+08:00 ] 127.0.0.1 /changxiang/index.php/admin/BookComment/js/kindeditor/lang/zh_CN.js
INFO: [ app_init ] --START--
INFO: Run Behavior\BuildLiteBehavior [ RunTime:0.000044s ]
INFO: [ app_init ] --END-- [ RunTime:0.001364s ]
INFO: [ app_begin ] --START--
INFO: Run Behavior\ReadHtmlCacheBehavior [ RunTime:0.002013s ]
INFO: [ app_begin ] --END-- [ RunTime:0.002236s ]
ERR: 非法操作:js

[ 2016-12-01T15:36:28+08:00 ] 127.0.0.1 /changxiang/index.php/admin/BookComment/js/kindeditor/plugins/code/prettify.js
INFO: [ app_init ] --START--
INFO: Run Behavior\BuildLiteBehavior [ RunTime:0.000050s ]
INFO: [ app_init ] --END-- [ RunTime:0.002168s ]
INFO: [ app_begin ] --START--
INFO: Run Behavior\ReadHtmlCacheBehavior [ RunTime:0.002574s ]
INFO: [ app_begin ] --END-- [ RunTime:0.002869s ]
ERR: 非法操作:js

[ 2016-12-01T15:36:58+08:00 ] 127.0.0.1 /changxiang/index.php/admin/BookComment/addbookview
INFO: [ app_init ] --START--
INFO: Run Behavior\BuildLiteBehavior [ RunTime:0.000061s ]
INFO: [ app_init ] --END-- [ RunTime:0.001563s ]
INFO: [ app_begin ] --START--
INFO: Run Behavior\ReadHtmlCacheBehavior [ RunTime:0.002044s ]
INFO: [ app_begin ] --END-- [ RunTime:0.002334s ]
INFO: [ view_parse ] --START--
INFO: [ template_filter ] --START--
INFO: Run Behavior\ContentReplaceBehavior [ RunTime:0.000276s ]
INFO: [ template_filter ] --END-- [ RunTime:0.000484s ]
INFO: Run Behavior\ParseTemplateBehavior [ RunTime:0.032644s ]
INFO: [ view_parse ] --END-- [ RunTime:0.032858s ]
INFO: [ view_filter ] --START--
INFO: Run Behavior\WriteHtmlCacheBehavior [ RunTime:0.001288s ]
INFO: [ view_filter ] --END-- [ RunTime:0.001458s ]
INFO: [ app_end ] --START--
INFO: Run Behavior\ShowPageTraceBehavior [ RunTime:0.003043s ]
INFO: [ app_end ] --END-- [ RunTime:0.003360s ]

[ 2016-12-01T15:36:58+08:00 ] 127.0.0.1 /changxiang/index.php/admin/BookComment/css/public.css
INFO: [ app_init ] --START--
INFO: Run Behavior\BuildLiteBehavior [ RunTime:0.000061s ]
INFO: [ app_init ] --END-- [ RunTime:0.002016s ]
INFO: [ app_begin ] --START--
INFO: Run Behavior\ReadHtmlCacheBehavior [ RunTime:0.003802s ]
INFO: [ app_begin ] --END-- [ RunTime:0.004152s ]
ERR: 非法操作:css

[ 2016-12-01T15:36:58+08:00 ] 127.0.0.1 /changxiang/index.php/admin/BookComment/js/jquery.min.js
INFO: [ app_init ] --START--
INFO: Run Behavior\BuildLiteBehavior [ RunTime:0.000085s ]
INFO: [ app_init ] --END-- [ RunTime:0.002050s ]
INFO: [ app_begin ] --START--
INFO: Run Behavior\ReadHtmlCacheBehavior [ RunTime:0.003047s ]
INFO: [ app_begin ] --END-- [ RunTime:0.003594s ]
ERR: 非法操作:js

[ 2016-12-01T15:36:58+08:00 ] 127.0.0.1 /changxiang/index.php/admin/BookComment/js/kindeditor/plugins/code/prettify.css
INFO: [ app_init ] --START--
INFO: Run Behavior\BuildLiteBehavior [ RunTime:0.000066s ]
INFO: [ app_init ] --END-- [ RunTime:0.002273s ]
INFO: [ app_begin ] --START--
INFO: Run Behavior\ReadHtmlCacheBehavior [ RunTime:0.003432s ]
INFO: [ app_begin ] --END-- [ RunTime:0.004959s ]
ERR: 非法操作:js

[ 2016-12-01T15:36:58+08:00 ] 127.0.0.1 /changxiang/index.php/admin/BookComment/js/kindeditor/themes/default/default.css
INFO: [ app_init ] --START--
INFO: Run Behavior\BuildLiteBehavior [ RunTime:0.000065s ]
INFO: [ app_init ] --END-- [ RunTime:0.002243s ]
INFO: [ app_begin ] --START--
INFO: Run Behavior\ReadHtmlCacheBehavior [ RunTime:0.003299s ]
INFO: [ app_begin ] --END-- [ RunTime:0.003587s ]
ERR: 非法操作:js

[ 2016-12-01T15:36:58+08:00 ] 127.0.0.1 /changxiang/index.php/admin/BookComment/js/jquery.autotextarea.js
INFO: [ app_init ] --START--
INFO: Run Behavior\BuildLiteBehavior [ RunTime:0.000063s ]
INFO: [ app_init ] --END-- [ RunTime:0.014692s ]
INFO: [ app_begin ] --START--
INFO: Run Behavior\ReadHtmlCacheBehavior [ RunTime:0.013116s ]
INFO: [ app_begin ] --END-- [ RunTime:0.013437s ]
ERR: 非法操作:js

[ 2016-12-01T15:36:58+08:00 ] 127.0.0.1 /changxiang/index.php/admin/BookComment/js/kindeditor/lang/zh_CN.js
INFO: [ app_init ] --START--
INFO: Run Behavior\BuildLiteBehavior [ RunTime:0.000065s ]
INFO: [ app_init ] --END-- [ RunTime:0.004170s ]
INFO: [ app_begin ] --START--
INFO: Run Behavior\ReadHtmlCacheBehavior [ RunTime:0.004256s ]
INFO: [ app_begin ] --END-- [ RunTime:0.004559s ]
ERR: 非法操作:js

[ 2016-12-01T15:36:58+08:00 ] 127.0.0.1 /changxiang/index.php/admin/BookComment/js/kindeditor/kindeditor.js
INFO: [ app_init ] --START--
INFO: Run Behavior\BuildLiteBehavior [ RunTime:0.000064s ]
INFO: [ app_init ] --END-- [ RunTime:0.002132s ]
INFO: [ app_begin ] --START--
INFO: Run Behavior\ReadHtmlCacheBehavior [ RunTime:0.003349s ]
INFO: [ app_begin ] --END-- [ RunTime:0.003647s ]
ERR: 非法操作:js

[ 2016-12-01T15:36:58+08:00 ] 127.0.0.1 /changxiang/index.php/admin/BookComment/js/kindeditor/plugins/code/prettify.js
INFO: [ app_init ] --START--
INFO: Run Behavior\BuildLiteBehavior [ RunTime:0.000066s ]
INFO: [ app_init ] --END-- [ RunTime:0.002774s ]
INFO: [ app_begin ] --START--
INFO: Run Behavior\ReadHtmlCacheBehavior [ RunTime:0.004628s ]
INFO: [ app_begin ] --END-- [ RunTime:0.004933s ]
ERR: 非法操作:js

[ 2016-12-01T15:36:58+08:00 ] 127.0.0.1 /changxiang/index.php/admin/BookComment/images/1.png
INFO: [ app_init ] --START--
INFO: Run Behavior\BuildLiteBehavior [ RunTime:0.000061s ]
INFO: [ app_init ] --END-- [ RunTime:0.005066s ]

[ 2016-12-01T15:36:58+08:00 ] 127.0.0.1 /changxiang/index.php/admin/BookComment/js/global.js
INFO: [ app_init ] --START--
INFO: Run Behavior\BuildLiteBehavior [ RunTime:0.000068s ]
INFO: [ app_init ] --END-- [ RunTime:0.006587s ]
INFO: [ app_begin ] --START--
INFO: Run Behavior\ReadHtmlCacheBehavior [ RunTime:0.002936s ]
INFO: [ app_begin ] --END-- [ RunTime:0.003221s ]
ERR: 非法操作:js

[ 2016-12-01T15:36:59+08:00 ] 127.0.0.1 /changxiang/index.php/admin/BookComment/js/jquery.autotextarea.js
INFO: [ app_init ] --START--
INFO: Run Behavior\BuildLiteBehavior [ RunTime:0.000044s ]
INFO: [ app_init ] --END-- [ RunTime:0.001386s ]
INFO: [ app_begin ] --START--
INFO: Run Behavior\ReadHtmlCacheBehavior [ RunTime:0.001815s ]
INFO: [ app_begin ] --END-- [ RunTime:0.002002s ]
ERR: 非法操作:js

[ 2016-12-01T15:36:59+08:00 ] 127.0.0.1 /changxiang/index.php/admin/BookComment/js/kindeditor/themes/default/default.css
INFO: [ app_init ] --START--
INFO: Run Behavior\BuildLiteBehavior [ RunTime:0.000044s ]
INFO: [ app_init ] --END-- [ RunTime:0.001423s ]
INFO: [ app_begin ] --START--
INFO: Run Behavior\ReadHtmlCacheBehavior [ RunTime:0.001855s ]
INFO: [ app_begin ] --END-- [ RunTime:0.002045s ]
ERR: 非法操作:js

[ 2016-12-01T15:36:59+08:00 ] 127.0.0.1 /changxiang/index.php/admin/BookComment/js/kindeditor/plugins/code/prettify.css
INFO: [ app_init ] --START--
INFO: Run Behavior\BuildLiteBehavior [ RunTime:0.000045s ]
INFO: [ app_init ] --END-- [ RunTime:0.001459s ]
INFO: [ app_begin ] --START--
INFO: Run Behavior\ReadHtmlCacheBehavior [ RunTime:0.001834s ]
INFO: [ app_begin ] --END-- [ RunTime:0.002023s ]
ERR: 非法操作:js

[ 2016-12-01T15:36:59+08:00 ] 127.0.0.1 /changxiang/index.php/admin/BookComment/js/kindeditor/kindeditor.js
INFO: [ app_init ] --START--
INFO: Run Behavior\BuildLiteBehavior [ RunTime:0.000050s ]
INFO: [ app_init ] --END-- [ RunTime:0.002067s ]
INFO: [ app_begin ] --START--
INFO: Run Behavior\ReadHtmlCacheBehavior [ RunTime:0.001964s ]
INFO: [ app_begin ] --END-- [ RunTime:0.002179s ]
ERR: 非法操作:js

[ 2016-12-01T15:36:59+08:00 ] 127.0.0.1 /changxiang/index.php/admin/BookComment/images/1.png
INFO: [ app_init ] --START--
INFO: Run Behavior\BuildLiteBehavior [ RunTime:0.000045s ]
INFO: [ app_init ] --END-- [ RunTime:0.001587s ]

[ 2016-12-01T15:36:59+08:00 ] 127.0.0.1 /changxiang/index.php/admin/BookComment/js/kindeditor/lang/zh_CN.js
INFO: [ app_init ] --START--
INFO: Run Behavior\BuildLiteBehavior [ RunTime:0.000043s ]
INFO: [ app_init ] --END-- [ RunTime:0.001574s ]
INFO: [ app_begin ] --START--
INFO: Run Behavior\ReadHtmlCacheBehavior [ RunTime:0.002715s ]
INFO: [ app_begin ] --END-- [ RunTime:0.003004s ]
ERR: 非法操作:js

[ 2016-12-01T15:36:59+08:00 ] 127.0.0.1 /changxiang/index.php/admin/BookComment/js/kindeditor/plugins/code/prettify.js
INFO: [ app_init ] --START--
INFO: Run Behavior\BuildLiteBehavior [ RunTime:0.000048s ]
INFO: [ app_init ] --END-- [ RunTime:0.001661s ]
INFO: [ app_begin ] --START--
INFO: Run Behavior\ReadHtmlCacheBehavior [ RunTime:0.001879s ]
INFO: [ app_begin ] --END-- [ RunTime:0.002102s ]
ERR: 非法操作:js

[ 2016-12-01T15:38:13+08:00 ] 127.0.0.1 /changxiang/index.php/admin/BookComment/addbookview
INFO: [ app_init ] --START--
INFO: Run Behavior\BuildLiteBehavior [ RunTime:0.000033s ]
INFO: [ app_init ] --END-- [ RunTime:0.001368s ]
INFO: [ app_begin ] --START--
INFO: Run Behavior\ReadHtmlCacheBehavior [ RunTime:0.002086s ]
INFO: [ app_begin ] --END-- [ RunTime:0.002324s ]
INFO: [ view_parse ] --START--
INFO: [ template_filter ] --START--
INFO: Run Behavior\ContentReplaceBehavior [ RunTime:0.000258s ]
INFO: [ template_filter ] --END-- [ RunTime:0.000467s ]
INFO: Run Behavior\ParseTemplateBehavior [ RunTime:0.030547s ]
INFO: [ view_parse ] --END-- [ RunTime:0.030864s ]
INFO: [ view_filter ] --START--
INFO: Run Behavior\WriteHtmlCacheBehavior [ RunTime:0.001538s ]
INFO: [ view_filter ] --END-- [ RunTime:0.001716s ]
INFO: [ app_end ] --START--
INFO: Run Behavior\ShowPageTraceBehavior [ RunTime:0.002477s ]
INFO: [ app_end ] --END-- [ RunTime:0.002656s ]

[ 2016-12-01T15:38:13+08:00 ] 127.0.0.1 /changxiang/index.php/admin/BookComment/js/kindeditor/plugins/code/prettify.css
INFO: [ app_init ] --START--
INFO: Run Behavior\BuildLiteBehavior [ RunTime:0.000060s ]
INFO: [ app_init ] --END-- [ RunTime:0.001706s ]
INFO: [ app_begin ] --START--
INFO: Run Behavior\ReadHtmlCacheBehavior [ RunTime:0.003539s ]
INFO: [ app_begin ] --END-- [ RunTime:0.003881s ]
ERR: 非法操作:js

[ 2016-12-01T15:38:13+08:00 ] 127.0.0.1 /changxiang/index.php/admin/BookComment/js/kindeditor/themes/default/default.css
INFO: [ app_init ] --START--
INFO: Run Behavior\BuildLiteBehavior [ RunTime:0.000798s ]
INFO: [ app_init ] --END-- [ RunTime:0.002789s ]
INFO: [ app_begin ] --START--
INFO: Run Behavior\ReadHtmlCacheBehavior [ RunTime:0.003901s ]
INFO: [ app_begin ] --END-- [ RunTime:0.004544s ]
ERR: 非法操作:js

[ 2016-12-01T15:38:13+08:00 ] 127.0.0.1 /changxiang/index.php/admin/BookComment/js/kindeditor/kindeditor.js
INFO: [ app_init ] --START--
INFO: Run Behavior\BuildLiteBehavior [ RunTime:0.000069s ]
INFO: [ app_init ] --END-- [ RunTime:0.002224s ]
INFO: [ app_begin ] --START--
INFO: Run Behavior\ReadHtmlCacheBehavior [ RunTime:0.002009s ]
INFO: [ app_begin ] --END-- [ RunTime:0.002212s ]
ERR: 非法操作:js

[ 2016-12-01T15:38:13+08:00 ] 127.0.0.1 /changxiang/index.php/admin/BookComment/js/kindeditor/plugins/code/prettify.js
INFO: [ app_init ] --START--
INFO: Run Behavior\BuildLiteBehavior [ RunTime:0.000043s ]
INFO: [ app_init ] --END-- [ RunTime:0.001547s ]
INFO: [ app_begin ] --START--
INFO: Run Behavior\ReadHtmlCacheBehavior [ RunTime:0.003678s ]
INFO: [ app_begin ] --END-- [ RunTime:0.003995s ]
ERR: 非法操作:js

[ 2016-12-01T15:38:13+08:00 ] 127.0.0.1 /changxiang/index.php/admin/BookComment/js/kindeditor/lang/zh_CN.js
INFO: [ app_init ] --START--
INFO: Run Behavior\BuildLiteBehavior [ RunTime:0.000063s ]
INFO: [ app_init ] --END-- [ RunTime:0.002148s ]
INFO: [ app_begin ] --START--
INFO: Run Behavior\ReadHtmlCacheBehavior [ RunTime:0.003350s ]
INFO: [ app_begin ] --END-- [ RunTime:0.003623s ]
ERR: 非法操作:js

[ 2016-12-01T15:38:13+08:00 ] 127.0.0.1 /changxiang/index.php/admin/BookComment/js/kindeditor/plugins/code/prettify.js
INFO: [ app_init ] --START--
INFO: Run Behavior\BuildLiteBehavior [ RunTime:0.000046s ]
INFO: [ app_init ] --END-- [ RunTime:0.001784s ]
INFO: [ app_begin ] --START--
INFO: Run Behavior\ReadHtmlCacheBehavior [ RunTime:0.002941s ]
INFO: [ app_begin ] --END-- [ RunTime:0.003303s ]
ERR: 非法操作:js

[ 2016-12-01T15:38:43+08:00 ] 127.0.0.1 /changxiang/index.php/admin/BookComment/addbookview
INFO: [ app_init ] --START--
INFO: Run Behavior\BuildLiteBehavior [ RunTime:0.000043s ]
INFO: [ app_init ] --END-- [ RunTime:0.001552s ]
INFO: [ app_begin ] --START--
INFO: Run Behavior\ReadHtmlCacheBehavior [ RunTime:0.002136s ]
INFO: [ app_begin ] --END-- [ RunTime:0.002329s ]
INFO: [ view_parse ] --START--
INFO: [ template_filter ] --START--
INFO: Run Behavior\ContentReplaceBehavior [ RunTime:0.000241s ]
INFO: [ template_filter ] --END-- [ RunTime:0.000449s ]
INFO: Run Behavior\ParseTemplateBehavior [ RunTime:0.028555s ]
INFO: [ view_parse ] --END-- [ RunTime:0.028770s ]
INFO: [ view_filter ] --START--
INFO: Run Behavior\WriteHtmlCacheBehavior [ RunTime:0.001320s ]
INFO: [ view_filter ] --END-- [ RunTime:0.001484s ]
INFO: [ app_end ] --START--
INFO: Run Behavior\ShowPageTraceBehavior [ RunTime:0.002181s ]
INFO: [ app_end ] --END-- [ RunTime:0.002354s ]

[ 2016-12-01T15:38:43+08:00 ] 127.0.0.1 /changxiang/index.php/admin/BookComment/js/kindeditor/themes/default/default.css
INFO: [ app_init ] --START--
INFO: Run Behavior\BuildLiteBehavior [ RunTime:0.000043s ]
INFO: [ app_init ] --END-- [ RunTime:0.001420s ]
INFO: [ app_begin ] --START--
INFO: Run Behavior\ReadHtmlCacheBehavior [ RunTime:0.002645s ]
INFO: [ app_begin ] --END-- [ RunTime:0.002942s ]
ERR: 非法操作:js

[ 2016-12-01T15:38:43+08:00 ] 127.0.0.1 /changxiang/index.php/admin/BookComment/js/kindeditor/plugins/code/prettify.css
INFO: [ app_init ] --START--
INFO: Run Behavior\BuildLiteBehavior [ RunTime:0.000060s ]
INFO: [ app_init ] --END-- [ RunTime:0.002267s ]
INFO: [ app_begin ] --START--
INFO: Run Behavior\ReadHtmlCacheBehavior [ RunTime:0.003294s ]
INFO: [ app_begin ] --END-- [ RunTime:0.003609s ]
ERR: 非法操作:js

[ 2016-12-01T15:38:43+08:00 ] 127.0.0.1 /changxiang/index.php/admin/BookComment/js/kindeditor/kindeditor.js
INFO: [ app_init ] --START--
INFO: Run Behavior\BuildLiteBehavior [ RunTime:0.000060s ]
INFO: [ app_init ] --END-- [ RunTime:0.003000s ]
INFO: [ app_begin ] --START--
INFO: Run Behavior\ReadHtmlCacheBehavior [ RunTime:0.003205s ]
INFO: [ app_begin ] --END-- [ RunTime:0.003515s ]
ERR: 非法操作:js

[ 2016-12-01T15:38:43+08:00 ] 127.0.0.1 /changxiang/index.php/admin/BookComment/js/kindeditor/lang/zh_CN.js
INFO: [ app_init ] --START--
INFO: Run Behavior\BuildLiteBehavior [ RunTime:0.000048s ]
INFO: [ app_init ] --END-- [ RunTime:0.001354s ]
INFO: [ app_begin ] --START--
INFO: Run Behavior\ReadHtmlCacheBehavior [ RunTime:0.002384s ]
INFO: [ app_begin ] --END-- [ RunTime:0.002660s ]
ERR: 非法操作:js

[ 2016-12-01T15:38:43+08:00 ] 127.0.0.1 /changxiang/index.php/admin/BookComment/js/kindeditor/plugins/code/prettify.js
INFO: [ app_init ] --START--
INFO: Run Behavior\BuildLiteBehavior [ RunTime:0.000043s ]
INFO: [ app_init ] --END-- [ RunTime:0.001358s ]
INFO: [ app_begin ] --START--
INFO: Run Behavior\ReadHtmlCacheBehavior [ RunTime:0.002686s ]
INFO: [ app_begin ] --END-- [ RunTime:0.002961s ]
ERR: 非法操作:js

[ 2016-12-01T15:41:02+08:00 ] 127.0.0.1 /changxiang/index.php/admin/BookComment/js/kindeditor/plugins/code/prettify.css
INFO: [ app_init ] --START--
INFO: Run Behavior\BuildLiteBehavior [ RunTime:0.000042s ]
INFO: [ app_init ] --END-- [ RunTime:0.001592s ]
INFO: [ app_begin ] --START--
INFO: Run Behavior\ReadHtmlCacheBehavior [ RunTime:0.002834s ]
INFO: [ app_begin ] --END-- [ RunTime:0.003056s ]
ERR: 非法操作:js

[ 2016-12-01T15:41:02+08:00 ] 127.0.0.1 /changxiang/index.php/admin/BookComment/js/kindeditor/themes/default/default.css
INFO: [ app_init ] --START--
INFO: Run Behavior\BuildLiteBehavior [ RunTime:0.000054s ]
INFO: [ app_init ] --END-- [ RunTime:0.001654s ]
INFO: [ app_begin ] --START--
INFO: Run Behavior\ReadHtmlCacheBehavior [ RunTime:0.002809s ]
INFO: [ app_begin ] --END-- [ RunTime:0.003022s ]
ERR: 非法操作:js

[ 2016-12-01T15:44:17+08:00 ] 127.0.0.1 /changxiang/index.php/admin/BookComment/addbookview
INFO: [ app_init ] --START--
INFO: Run Behavior\BuildLiteBehavior [ RunTime:0.000047s ]
INFO: [ app_init ] --END-- [ RunTime:0.002085s ]
INFO: [ app_begin ] --START--
INFO: Run Behavior\ReadHtmlCacheBehavior [ RunTime:0.002629s ]
INFO: [ app_begin ] --END-- [ RunTime:0.002863s ]
ERR: 非法操作:addbookview

[ 2016-12-01T15:44:21+08:00 ] 127.0.0.1 /changxiang/index.php/admin/BookComment/addbookreview
INFO: [ app_init ] --START--
INFO: Run Behavior\BuildLiteBehavior [ RunTime:0.000045s ]
INFO: [ app_init ] --END-- [ RunTime:0.001667s ]
INFO: [ app_begin ] --START--
INFO: Run Behavior\ReadHtmlCacheBehavior [ RunTime:0.002155s ]
INFO: [ app_begin ] --END-- [ RunTime:0.002350s ]
INFO: [ view_parse ] --START--
INFO: [ template_filter ] --START--
INFO: Run Behavior\ContentReplaceBehavior [ RunTime:0.000248s ]
INFO: [ template_filter ] --END-- [ RunTime:0.000448s ]
INFO: Run Behavior\ParseTemplateBehavior [ RunTime:0.030190s ]
INFO: [ view_parse ] --END-- [ RunTime:0.030396s ]
INFO: [ view_filter ] --START--
INFO: Run Behavior\WriteHtmlCacheBehavior [ RunTime:0.001441s ]
INFO: [ view_filter ] --END-- [ RunTime:0.001604s ]
INFO: [ app_end ] --START--
INFO: Run Behavior\ShowPageTraceBehavior [ RunTime:0.002401s ]
INFO: [ app_end ] --END-- [ RunTime:0.002573s ]

[ 2016-12-01T15:44:21+08:00 ] 127.0.0.1 /changxiang/index.php/admin/BookComment/js/kindeditor/themes/default/default.css
INFO: [ app_init ] --START--
INFO: Run Behavior\BuildLiteBehavior [ RunTime:0.000066s ]
INFO: [ app_init ] --END-- [ RunTime:0.002277s ]
INFO: [ app_begin ] --START--
INFO: Run Behavior\ReadHtmlCacheBehavior [ RunTime:0.018493s ]
INFO: [ app_begin ] --END-- [ RunTime:0.018819s ]
ERR: 非法操作:js

[ 2016-12-01T15:44:21+08:00 ] 127.0.0.1 /changxiang/index.php/admin/BookComment/js/kindeditor/plugins/code/prettify.css
INFO: [ app_init ] --START--
INFO: Run Behavior\BuildLiteBehavior [ RunTime:0.000064s ]
INFO: [ app_init ] --END-- [ RunTime:0.002301s ]
INFO: [ app_begin ] --START--
INFO: Run Behavior\ReadHtmlCacheBehavior [ RunTime:0.004028s ]
INFO: [ app_begin ] --END-- [ RunTime:0.004414s ]
ERR: 非法操作:js

[ 2016-12-01T15:44:21+08:00 ] 127.0.0.1 /changxiang/index.php/admin/BookComment/js/kindeditor/kindeditor.js
INFO: [ app_init ] --START--
INFO: Run Behavior\BuildLiteBehavior [ RunTime:0.000069s ]
INFO: [ app_init ] --END-- [ RunTime:0.002526s ]
INFO: [ app_begin ] --START--
INFO: Run Behavior\ReadHtmlCacheBehavior [ RunTime:0.003973s ]
INFO: [ app_begin ] --END-- [ RunTime:0.004282s ]
ERR: 非法操作:js

[ 2016-12-01T15:44:21+08:00 ] 127.0.0.1 /changxiang/index.php/admin/BookComment/js/kindeditor/lang/zh_CN.js
INFO: [ app_init ] --START--
INFO: Run Behavior\BuildLiteBehavior [ RunTime:0.000077s ]
INFO: [ app_init ] --END-- [ RunTime:0.004592s ]
INFO: [ app_begin ] --START--
INFO: Run Behavior\ReadHtmlCacheBehavior [ RunTime:0.003507s ]
INFO: [ app_begin ] --END-- [ RunTime:0.003861s ]
ERR: 非法操作:js

[ 2016-12-01T15:44:21+08:00 ] 127.0.0.1 /changxiang/index.php/admin/BookComment/js/kindeditor/plugins/code/prettify.js
INFO: [ app_init ] --START--
INFO: Run Behavior\BuildLiteBehavior [ RunTime:0.000078s ]
INFO: [ app_init ] --END-- [ RunTime:0.002270s ]
INFO: [ app_begin ] --START--
INFO: Run Behavior\ReadHtmlCacheBehavior [ RunTime:0.004233s ]
INFO: [ app_begin ] --END-- [ RunTime:0.004549s ]
ERR: 非法操作:js

[ 2016-12-01T15:44:26+08:00 ] 127.0.0.1 /changxiang/index.php/admin/BookComment/addbookreview
INFO: [ app_init ] --START--
INFO: Run Behavior\BuildLiteBehavior [ RunTime:0.000046s ]
INFO: [ app_init ] --END-- [ RunTime:0.001644s ]
INFO: [ app_begin ] --START--
INFO: Run Behavior\ReadHtmlCacheBehavior [ RunTime:0.001816s ]
INFO: [ app_begin ] --END-- [ RunTime:0.002011s ]
INFO: [ view_parse ] --START--
INFO: [ template_filter ] --START--
INFO: Run Behavior\ContentReplaceBehavior [ RunTime:0.000255s ]
INFO: [ template_filter ] --END-- [ RunTime:0.000512s ]
INFO: Run Behavior\ParseTemplateBehavior [ RunTime:0.032942s ]
INFO: [ view_parse ] --END-- [ RunTime:0.033163s ]
INFO: [ view_filter ] --START--
INFO: Run Behavior\WriteHtmlCacheBehavior [ RunTime:0.001437s ]
INFO: [ view_filter ] --END-- [ RunTime:0.001609s ]
INFO: [ app_end ] --START--
INFO: Run Behavior\ShowPageTraceBehavior [ RunTime:0.003056s ]
INFO: [ app_end ] --END-- [ RunTime:0.003329s ]

[ 2016-12-01T15:44:27+08:00 ] 127.0.0.1 /changxiang/index.php/admin/BookComment/js/kindeditor/themes/default/default.css
INFO: [ app_init ] --START--
INFO: Run Behavior\BuildLiteBehavior [ RunTime:0.000083s ]
INFO: [ app_init ] --END-- [ RunTime:0.002062s ]
INFO: [ app_begin ] --START--
INFO: Run Behavior\ReadHtmlCacheBehavior [ RunTime:0.004918s ]
INFO: [ app_begin ] --END-- [ RunTime:0.005331s ]
ERR: 非法操作:js

[ 2016-12-01T15:44:27+08:00 ] 127.0.0.1 /changxiang/index.php/admin/BookComment/js/kindeditor/plugins/code/prettify.css
INFO: [ app_init ] --START--
INFO: Run Behavior\BuildLiteBehavior [ RunTime:0.000062s ]
INFO: [ app_init ] --END-- [ RunTime:0.002051s ]
INFO: [ app_begin ] --START--
INFO: Run Behavior\ReadHtmlCacheBehavior [ RunTime:0.003368s ]
INFO: [ app_begin ] --END-- [ RunTime:0.003689s ]
ERR: 非法操作:js

[ 2016-12-01T15:44:27+08:00 ] 127.0.0.1 /changxiang/index.php/admin/BookComment/js/kindeditor/kindeditor.js
INFO: [ app_init ] --START--
INFO: Run Behavior\BuildLiteBehavior [ RunTime:0.000067s ]
INFO: [ app_init ] --END-- [ RunTime:0.002167s ]
INFO: [ app_begin ] --START--
INFO: Run Behavior\ReadHtmlCacheBehavior [ RunTime:0.004384s ]
INFO: [ app_begin ] --END-- [ RunTime:0.004707s ]
ERR: 非法操作:js

[ 2016-12-01T15:44:27+08:00 ] 127.0.0.1 /changxiang/index.php/admin/BookComment/js/kindeditor/lang/zh_CN.js
INFO: [ app_init ] --START--
INFO: Run Behavior\BuildLiteBehavior [ RunTime:0.000069s ]
INFO: [ app_init ] --END-- [ RunTime:0.004359s ]
INFO: [ app_begin ] --START--
INFO: Run Behavior\ReadHtmlCacheBehavior [ RunTime:0.006751s ]
INFO: [ app_begin ] --END-- [ RunTime:0.007054s ]
ERR: 非法操作:js

[ 2016-12-01T15:44:27+08:00 ] 127.0.0.1 /changxiang/index.php/admin/BookComment/js/kindeditor/plugins/code/prettify.js
INFO: [ app_init ] --START--
INFO: Run Behavior\BuildLiteBehavior [ RunTime:0.000202s ]
INFO: [ app_init ] --END-- [ RunTime:0.007953s ]
INFO: [ app_begin ] --START--
INFO: Run Behavior\ReadHtmlCacheBehavior [ RunTime:0.003308s ]
INFO: [ app_begin ] --END-- [ RunTime:0.003664s ]
ERR: 非法操作:js

[ 2016-12-01T15:45:02+08:00 ] 127.0.0.1 /changxiang/index.php/admin/BookComment/addbookreview
INFO: [ app_init ] --START--
INFO: Run Behavior\BuildLiteBehavior [ RunTime:0.000048s ]
INFO: [ app_init ] --END-- [ RunTime:0.001625s ]
INFO: [ app_begin ] --START--
INFO: Run Behavior\ReadHtmlCacheBehavior [ RunTime:0.002290s ]
INFO: [ app_begin ] --END-- [ RunTime:0.002502s ]
INFO: [ view_parse ] --START--
INFO: [ template_filter ] --START--
INFO: Run Behavior\ContentReplaceBehavior [ RunTime:0.000280s ]
INFO: [ template_filter ] --END-- [ RunTime:0.000489s ]
INFO: Run Behavior\ParseTemplateBehavior [ RunTime:0.029126s ]
INFO: [ view_parse ] --END-- [ RunTime:0.029331s ]
INFO: [ view_filter ] --START--
INFO: Run Behavior\WriteHtmlCacheBehavior [ RunTime:0.001322s ]
INFO: [ view_filter ] --END-- [ RunTime:0.001490s ]
INFO: [ app_end ] --START--
INFO: Run Behavior\ShowPageTraceBehavior [ RunTime:0.002421s ]
INFO: [ app_end ] --END-- [ RunTime:0.002599s ]

[ 2016-12-01T15:45:03+08:00 ] 127.0.0.1 /changxiang/index.php/admin/BookComment/js/kindeditor/themes/default/default.css
INFO: [ app_init ] --START--
INFO: Run Behavior\BuildLiteBehavior [ RunTime:0.000476s ]
INFO: [ app_init ] --END-- [ RunTime:0.004023s ]
INFO: [ app_begin ] --START--
INFO: Run Behavior\ReadHtmlCacheBehavior [ RunTime:0.002743s ]
INFO: [ app_begin ] --END-- [ RunTime:0.003036s ]
ERR: 非法操作:js

[ 2016-12-01T15:45:03+08:00 ] 127.0.0.1 /changxiang/index.php/admin/BookComment/js/kindeditor/plugins/code/prettify.css
INFO: [ app_init ] --START--
INFO: Run Behavior\BuildLiteBehavior [ RunTime:0.000109s ]
INFO: [ app_init ] --END-- [ RunTime:0.004011s ]
INFO: [ app_begin ] --START--
INFO: Run Behavior\ReadHtmlCacheBehavior [ RunTime:0.003335s ]
INFO: [ app_begin ] --END-- [ RunTime:0.003651s ]
ERR: 非法操作:js

[ 2016-12-01T15:45:03+08:00 ] 127.0.0.1 /changxiang/index.php/admin/BookComment/js/kindeditor/kindeditor.js
INFO: [ app_init ] --START--
INFO: Run Behavior\BuildLiteBehavior [ RunTime:0.000064s ]
INFO: [ app_init ] --END-- [ RunTime:0.002252s ]
INFO: [ app_begin ] --START--
INFO: Run Behavior\ReadHtmlCacheBehavior [ RunTime:0.004018s ]
INFO: [ app_begin ] --END-- [ RunTime:0.004360s ]
ERR: 非法操作:js

[ 2016-12-01T15:45:03+08:00 ] 127.0.0.1 /changxiang/index.php/admin/BookComment/js/kindeditor/lang/zh_CN.js
INFO: [ app_init ] --START--
INFO: Run Behavior\BuildLiteBehavior [ RunTime:0.000088s ]
INFO: [ app_init ] --END-- [ RunTime:0.001963s ]
INFO: [ app_begin ] --START--
INFO: Run Behavior\ReadHtmlCacheBehavior [ RunTime:0.002093s ]
INFO: [ app_begin ] --END-- [ RunTime:0.002341s ]
ERR: 非法操作:js

[ 2016-12-01T15:45:03+08:00 ] 127.0.0.1 /changxiang/index.php/admin/BookComment/js/kindeditor/plugins/code/prettify.js
INFO: [ app_init ] --START--
INFO: Run Behavior\BuildLiteBehavior [ RunTime:0.000119s ]
INFO: [ app_init ] --END-- [ RunTime:0.002718s ]
INFO: [ app_begin ] --START--
INFO: Run Behavior\ReadHtmlCacheBehavior [ RunTime:0.002046s ]
INFO: [ app_begin ] --END-- [ RunTime:0.002399s ]
ERR: 非法操作:js

[ 2016-12-01T15:45:13+08:00 ] 127.0.0.1 /changxiang/index.php/admin/BookComment/editbookreview
INFO: [ app_init ] --START--
INFO: Run Behavior\BuildLiteBehavior [ RunTime:0.000044s ]
INFO: [ app_init ] --END-- [ RunTime:0.001701s ]
INFO: [ app_begin ] --START--
INFO: Run Behavior\ReadHtmlCacheBehavior [ RunTime:0.002080s ]
INFO: [ app_begin ] --END-- [ RunTime:0.002312s ]
INFO: [ view_parse ] --START--
INFO: [ template_filter ] --START--
INFO: Run Behavior\ContentReplaceBehavior [ RunTime:0.000313s ]
INFO: [ template_filter ] --END-- [ RunTime:0.000560s ]
INFO: Run Behavior\ParseTemplateBehavior [ RunTime:0.035945s ]
INFO: [ view_parse ] --END-- [ RunTime:0.036163s ]
INFO: [ view_filter ] --START--
INFO: Run Behavior\WriteHtmlCacheBehavior [ RunTime:0.001606s ]
INFO: [ view_filter ] --END-- [ RunTime:0.001815s ]
INFO: [ app_end ] --START--
INFO: Run Behavior\ShowPageTraceBehavior [ RunTime:0.003320s ]
INFO: [ app_end ] --END-- [ RunTime:0.003591s ]

[ 2016-12-01T15:45:13+08:00 ] 127.0.0.1 /changxiang/index.php/admin/BookComment/js/jquery.min.js
INFO: [ app_init ] --START--
INFO: Run Behavior\BuildLiteBehavior [ RunTime:0.000064s ]
INFO: [ app_init ] --END-- [ RunTime:0.002030s ]
INFO: [ app_begin ] --START--
INFO: Run Behavior\ReadHtmlCacheBehavior [ RunTime:0.002861s ]
INFO: [ app_begin ] --END-- [ RunTime:0.003191s ]
ERR: 非法操作:js

[ 2016-12-01T15:45:13+08:00 ] 127.0.0.1 /changxiang/index.php/admin/BookComment/css/public.css
INFO: [ app_init ] --START--
INFO: Run Behavior\BuildLiteBehavior [ RunTime:0.000068s ]
INFO: [ app_init ] --END-- [ RunTime:0.005481s ]
INFO: [ app_begin ] --START--
INFO: Run Behavior\ReadHtmlCacheBehavior [ RunTime:0.002899s ]
INFO: [ app_begin ] --END-- [ RunTime:0.003341s ]
ERR: 非法操作:css

[ 2016-12-01T15:45:13+08:00 ] 127.0.0.1 /changxiang/index.php/admin/BookComment/js/kindeditor/plugins/code/prettify.css
INFO: [ app_init ] --START--
INFO: Run Behavior\BuildLiteBehavior [ RunTime:0.000066s ]
INFO: [ app_init ] --END-- [ RunTime:0.001990s ]
INFO: [ app_begin ] --START--
INFO: Run Behavior\ReadHtmlCacheBehavior [ RunTime:0.002861s ]
INFO: [ app_begin ] --END-- [ RunTime:0.003165s ]
ERR: 非法操作:js

[ 2016-12-01T15:45:13+08:00 ] 127.0.0.1 /changxiang/index.php/admin/BookComment/js/kindeditor/themes/default/default.css
INFO: [ app_init ] --START--
INFO: Run Behavior\BuildLiteBehavior [ RunTime:0.000053s ]
INFO: [ app_init ] --END-- [ RunTime:0.002459s ]
INFO: [ app_begin ] --START--
INFO: Run Behavior\ReadHtmlCacheBehavior [ RunTime:0.003433s ]
INFO: [ app_begin ] --END-- [ RunTime:0.003750s ]
ERR: 非法操作:js

[ 2016-12-01T15:45:13+08:00 ] 127.0.0.1 /changxiang/index.php/admin/BookComment/js/kindeditor/lang/zh_CN.js
INFO: [ app_init ] --START--
INFO: Run Behavior\BuildLiteBehavior [ RunTime:0.000081s ]
INFO: [ app_init ] --END-- [ RunTime:0.002042s ]
INFO: [ app_begin ] --START--
INFO: Run Behavior\ReadHtmlCacheBehavior [ RunTime:0.002693s ]
INFO: [ app_begin ] --END-- [ RunTime:0.002982s ]
ERR: 非法操作:js

[ 2016-12-01T15:45:13+08:00 ] 127.0.0.1 /changxiang/index.php/admin/BookComment/images/1.png
INFO: [ app_init ] --START--
INFO: Run Behavior\BuildLiteBehavior [ RunTime:0.000064s ]
INFO: [ app_init ] --END-- [ RunTime:0.003866s ]

[ 2016-12-01T15:45:13+08:00 ] 127.0.0.1 /changxiang/index.php/admin/BookComment/js/kindeditor/kindeditor.js
INFO: [ app_init ] --START--
INFO: Run Behavior\BuildLiteBehavior [ RunTime:0.000065s ]
INFO: [ app_init ] --END-- [ RunTime:0.002011s ]
INFO: [ app_begin ] --START--
INFO: Run Behavior\ReadHtmlCacheBehavior [ RunTime:0.002649s ]
INFO: [ app_begin ] --END-- [ RunTime:0.002934s ]
ERR: 非法操作:js

[ 2016-12-01T15:45:13+08:00 ] 127.0.0.1 /changxiang/index.php/admin/BookComment/js/global.js
INFO: [ app_init ] --START--
INFO: Run Behavior\BuildLiteBehavior [ RunTime:0.000254s ]
INFO: [ app_init ] --END-- [ RunTime:0.012805s ]
INFO: [ app_begin ] --START--
INFO: Run Behavior\ReadHtmlCacheBehavior [ RunTime:0.002834s ]
INFO: [ app_begin ] --END-- [ RunTime:0.003128s ]
ERR: 非法操作:js

[ 2016-12-01T15:45:13+08:00 ] 127.0.0.1 /changxiang/index.php/admin/BookComment/js/jquery.autotextarea.js
INFO: [ app_init ] --START--
INFO: Run Behavior\BuildLiteBehavior [ RunTime:0.000060s ]
INFO: [ app_init ] --END-- [ RunTime:0.002078s ]
INFO: [ app_begin ] --START--
INFO: Run Behavior\ReadHtmlCacheBehavior [ RunTime:0.002909s ]
INFO: [ app_begin ] --END-- [ RunTime:0.003186s ]
ERR: 非法操作:js

[ 2016-12-01T15:45:13+08:00 ] 127.0.0.1 /changxiang/index.php/admin/BookComment/js/kindeditor/plugins/code/prettify.js
INFO: [ app_init ] --START--
INFO: Run Behavior\BuildLiteBehavior [ RunTime:0.000065s ]
INFO: [ app_init ] --END-- [ RunTime:0.004516s ]
INFO: [ app_begin ] --START--
INFO: Run Behavior\ReadHtmlCacheBehavior [ RunTime:0.002860s ]
INFO: [ app_begin ] --END-- [ RunTime:0.003092s ]
ERR: 非法操作:js

[ 2016-12-01T15:45:13+08:00 ] 127.0.0.1 /changxiang/index.php/admin/BookComment/images/1.png
INFO: [ app_init ] --START--
INFO: Run Behavior\BuildLiteBehavior [ RunTime:0.000061s ]
INFO: [ app_init ] --END-- [ RunTime:0.004350s ]

[ 2016-12-01T15:45:13+08:00 ] 127.0.0.1 /changxiang/index.php/admin/BookComment/js/kindeditor/plugins/code/prettify.css
INFO: [ app_init ] --START--
INFO: Run Behavior\BuildLiteBehavior [ RunTime:0.000065s ]
INFO: [ app_init ] --END-- [ RunTime:0.002151s ]
INFO: [ app_begin ] --START--
INFO: Run Behavior\ReadHtmlCacheBehavior [ RunTime:0.002776s ]
INFO: [ app_begin ] --END-- [ RunTime:0.003065s ]
ERR: 非法操作:js

[ 2016-12-01T15:45:13+08:00 ] 127.0.0.1 /changxiang/index.php/admin/BookComment/js/kindeditor/kindeditor.js
INFO: [ app_init ] --START--
INFO: Run Behavior\BuildLiteBehavior [ RunTime:0.000067s ]
INFO: [ app_init ] --END-- [ RunTime:0.002400s ]
INFO: [ app_begin ] --START--
INFO: Run Behavior\ReadHtmlCacheBehavior [ RunTime:0.002670s ]
INFO: [ app_begin ] --END-- [ RunTime:0.002950s ]
ERR: 非法操作:js

[ 2016-12-01T15:45:13+08:00 ] 127.0.0.1 /changxiang/index.php/admin/BookComment/js/kindeditor/themes/default/default.css
INFO: [ app_init ] --START--
INFO: Run Behavior\BuildLiteBehavior [ RunTime:0.000060s ]
INFO: [ app_init ] --END-- [ RunTime:0.002294s ]
INFO: [ app_begin ] --START--
INFO: Run Behavior\ReadHtmlCacheBehavior [ RunTime:0.002764s ]
INFO: [ app_begin ] --END-- [ RunTime:0.003073s ]
ERR: 非法操作:js

[ 2016-12-01T15:45:13+08:00 ] 127.0.0.1 /changxiang/index.php/admin/BookComment/js/kindeditor/lang/zh_CN.js
INFO: [ app_init ] --START--
INFO: Run Behavior\BuildLiteBehavior [ RunTime:0.000046s ]
INFO: [ app_init ] --END-- [ RunTime:0.001461s ]
INFO: [ app_begin ] --START--
INFO: Run Behavior\ReadHtmlCacheBehavior [ RunTime:0.001876s ]
INFO: [ app_begin ] --END-- [ RunTime:0.002244s ]
ERR: 非法操作:js

[ 2016-12-01T15:45:14+08:00 ] 127.0.0.1 /changxiang/index.php/admin/BookComment/js/kindeditor/plugins/code/prettify.js
INFO: [ app_init ] --START--
INFO: Run Behavior\BuildLiteBehavior [ RunTime:0.000061s ]
INFO: [ app_init ] --END-- [ RunTime:0.001678s ]
INFO: [ app_begin ] --START--
INFO: Run Behavior\ReadHtmlCacheBehavior [ RunTime:0.001897s ]
INFO: [ app_begin ] --END-- [ RunTime:0.002100s ]
ERR: 非法操作:js

[ 2016-12-01T15:46:25+08:00 ] 127.0.0.1 /changxiang/index.php/admin/BookComment/editbookreview
INFO: [ app_init ] --START--
INFO: Run Behavior\BuildLiteBehavior [ RunTime:0.000057s ]
INFO: [ app_init ] --END-- [ RunTime:0.001495s ]
INFO: [ app_begin ] --START--
INFO: Run Behavior\ReadHtmlCacheBehavior [ RunTime:0.003389s ]
INFO: [ app_begin ] --END-- [ RunTime:0.003649s ]
INFO: [ view_parse ] --START--
INFO: [ template_filter ] --START--
INFO: Run Behavior\ContentReplaceBehavior [ RunTime:0.000267s ]
INFO: [ template_filter ] --END-- [ RunTime:0.000509s ]
INFO: Run Behavior\ParseTemplateBehavior [ RunTime:0.031261s ]
INFO: [ view_parse ] --END-- [ RunTime:0.031487s ]
INFO: [ view_filter ] --START--
INFO: Run Behavior\WriteHtmlCacheBehavior [ RunTime:0.001345s ]
INFO: [ view_filter ] --END-- [ RunTime:0.001514s ]
INFO: [ app_end ] --START--
INFO: Run Behavior\ShowPageTraceBehavior [ RunTime:0.002191s ]
INFO: [ app_end ] --END-- [ RunTime:0.002363s ]

[ 2016-12-01T15:46:25+08:00 ] 127.0.0.1 /changxiang/index.php/admin/BookComment/js/kindeditor/themes/default/default.css
INFO: [ app_init ] --START--
INFO: Run Behavior\BuildLiteBehavior [ RunTime:0.000068s ]
INFO: [ app_init ] --END-- [ RunTime:0.002391s ]
INFO: [ app_begin ] --START--
INFO: Run Behavior\ReadHtmlCacheBehavior [ RunTime:0.002735s ]
INFO: [ app_begin ] --END-- [ RunTime:0.003021s ]
ERR: 非法操作:js

[ 2016-12-01T15:46:25+08:00 ] 127.0.0.1 /changxiang/index.php/admin/BookComment/js/kindeditor/plugins/code/prettify.css
INFO: [ app_init ] --START--
INFO: Run Behavior\BuildLiteBehavior [ RunTime:0.000061s ]
INFO: [ app_init ] --END-- [ RunTime:0.003242s ]
INFO: [ app_begin ] --START--
INFO: Run Behavior\ReadHtmlCacheBehavior [ RunTime:0.027011s ]
INFO: [ app_begin ] --END-- [ RunTime:0.027807s ]
ERR: 非法操作:js

[ 2016-12-01T15:46:26+08:00 ] 127.0.0.1 /changxiang/index.php/admin/BookComment/js/kindeditor/kindeditor.js
INFO: [ app_init ] --START--
INFO: Run Behavior\BuildLiteBehavior [ RunTime:0.000068s ]
INFO: [ app_init ] --END-- [ RunTime:0.002820s ]
INFO: [ app_begin ] --START--
INFO: Run Behavior\ReadHtmlCacheBehavior [ RunTime:0.004102s ]
INFO: [ app_begin ] --END-- [ RunTime:0.006670s ]
ERR: 非法操作:js

[ 2016-12-01T15:46:26+08:00 ] 127.0.0.1 /changxiang/index.php/admin/BookComment/js/kindeditor/plugins/code/prettify.js
INFO: [ app_init ] --START--
INFO: Run Behavior\BuildLiteBehavior [ RunTime:0.000041s ]
INFO: [ app_init ] --END-- [ RunTime:0.001545s ]
INFO: [ app_begin ] --START--
INFO: Run Behavior\ReadHtmlCacheBehavior [ RunTime:0.001980s ]
INFO: [ app_begin ] --END-- [ RunTime:0.002222s ]
ERR: 非法操作:js

[ 2016-12-01T15:46:26+08:00 ] 127.0.0.1 /changxiang/index.php/admin/BookComment/js/kindeditor/lang/zh_CN.js
INFO: [ app_init ] --START--
INFO: Run Behavior\BuildLiteBehavior [ RunTime:0.000039s ]
INFO: [ app_init ] --END-- [ RunTime:0.001340s ]
INFO: [ app_begin ] --START--
INFO: Run Behavior\ReadHtmlCacheBehavior [ RunTime:0.002689s ]
INFO: [ app_begin ] --END-- [ RunTime:0.003211s ]
ERR: 非法操作:js

[ 2016-12-01T15:46:26+08:00 ] 127.0.0.1 /changxiang/index.php/admin/BookComment/js/kindeditor/plugins/code/prettify.js
INFO: [ app_init ] --START--
INFO: Run Behavior\BuildLiteBehavior [ RunTime:0.000042s ]
INFO: [ app_init ] --END-- [ RunTime:0.001485s ]
INFO: [ app_begin ] --START--
INFO: Run Behavior\ReadHtmlCacheBehavior [ RunTime:0.001831s ]
INFO: [ app_begin ] --END-- [ RunTime:0.002037s ]
ERR: 非法操作:js

[ 2016-12-01T15:46:33+08:00 ] 127.0.0.1 /changxiang/index.php/admin/BookComment/js/kindeditor/themes/default/default.css
INFO: [ app_init ] --START--
INFO: Run Behavior\BuildLiteBehavior [ RunTime:0.000063s ]
INFO: [ app_init ] --END-- [ RunTime:0.010088s ]
INFO: [ app_begin ] --START--
INFO: Run Behavior\ReadHtmlCacheBehavior [ RunTime:0.002685s ]
INFO: [ app_begin ] --END-- [ RunTime:0.002959s ]
ERR: 非法操作:js

[ 2016-12-01T15:46:33+08:00 ] 127.0.0.1 /changxiang/index.php/admin/BookComment/js/kindeditor/plugins/code/prettify.css
INFO: [ app_init ] --START--
INFO: Run Behavior\BuildLiteBehavior [ RunTime:0.000060s ]
INFO: [ app_init ] --END-- [ RunTime:0.002125s ]
INFO: [ app_begin ] --START--
INFO: Run Behavior\ReadHtmlCacheBehavior [ RunTime:0.002752s ]
INFO: [ app_begin ] --END-- [ RunTime:0.003008s ]
ERR: 非法操作:js

